#
# There is insufficient memory for the Java Runtime Environment to continue.
# Native memory allocation (malloc) failed to allocate 1048576 bytes for AllocateHeap
# Possible reasons:
#   The system is out of physical RAM or swap space
#   The process is running with CompressedOops enabled, and the Java Heap may be blocking the growth of the native heap
# Possible solutions:
#   Reduce memory load on the system
#   Increase physical memory or swap space
#   Check if swap backing store is full
#   Decrease Java heap size (-Xmx/-Xms)
#   Decrease number of Java threads
#   Decrease Java thread stack sizes (-Xss)
#   Set larger code cache with -XX:ReservedCodeCacheSize=
#   JVM is running with Unscaled Compressed Oops mode in which the Java heap is
#     placed in the first 4GB address space. The Java Heap base address is the
#     maximum limit for the native heap growth. Please use -XX:HeapBaseMinAddress
#     to set the Java Heap base and to place the Java Heap above 4GB virtual address.
# This output file may be truncated or incomplete.
#
#  Out of Memory Error (./src/hotspot/share/memory/allocation.cpp:46), pid=4676, tid=10336
#
# JRE version: OpenJDK Runtime Environment JBR-11.0.13.7-1751.21-jcef (11.0.13+7) (build 11.0.13+7-b1751.21)
# Java VM: OpenJDK 64-Bit Server VM JBR-11.0.13.7-1751.21-jcef (11.0.13+7-b1751.21, mixed mode, tiered, compressed oops, g1 gc, windows-amd64)
# No core dump will be written. Minidumps are not enabled by default on client versions of Windows
#

---------------  S U M M A R Y ------------

Command Line: -Djava.rmi.server.hostname=127.0.0.1 -Duser.timezone=UTC -Xmx750m -Xms128m -Dfile.encoding=UTF-8 com.intellij.database.remote.RemoteJdbcServer org.postgresql.Driver

Host: AMD Athlon(tm) II X2 220 Processor, 2 cores, 7G,  Windows 10 , 64 bit Build 19041 (10.0.19041.1741)
Time: Fri Jun 24 13:50:13 2022 Пакистан (зима) elapsed time: 16695.446027 seconds (0d 4h 38m 15s)

---------------  T H R E A D  ---------------

Current thread (0x0000025e723ba000):  VMThread "VM Thread" [stack: 0x000000dea6c00000,0x000000dea6d00000] [id=10336]

Stack: [0x000000dea6c00000,0x000000dea6d00000]
[error occurred during error reporting (printing stack bounds), id 0xc0000005, EXCEPTION_ACCESS_VIOLATION (0xc0000005) at pc=0x0000025e5f03113d]

Native frames: (J=compiled Java code, j=interpreted, Vv=VM code, C=native code)
V  [jvm.dll+0x613daa]
V  [jvm.dll+0x799b30]
V  [jvm.dll+0x79b14d]
V  [jvm.dll+0x79b785]
V  [jvm.dll+0x79b73b]
V  [jvm.dll+0x612ed4]
V  [jvm.dll+0x613668]
C  [ntdll.dll+0xa209f]
C  [ntdll.dll+0x51454]
C  [ntdll.dll+0xa0bce]
C  0x0000025e5f03113d

VM_Operation (0x000000dea7afedc0): G1CollectFull, mode: safepoint, requested by thread 0x0000025e73258000


---------------  P R O C E S S  ---------------

Threads class SMR info:
_java_thread_list=0x0000025e7337eed0, length=17, elements={
0x0000025e59bbf800, 0x0000025e723de000, 0x0000025e723e0800, 0x0000025e72da3000,
0x0000025e723ff000, 0x0000025e72400000, 0x0000025e72401800, 0x0000025e72411000,
0x0000025e7244d800, 0x0000025e72ec9800, 0x0000025e732a3800, 0x0000025e73254000,
0x0000025e73255000, 0x0000025e73258000, 0x0000025e73805000, 0x0000025e733b4800,
0x0000025e73595800
}

Java Threads: ( => current thread )
  0x0000025e59bbf800 JavaThread "main" [_thread_blocked, id=10108, stack(0x000000dea6600000,0x000000dea6700000)]
  0x0000025e723de000 JavaThread "Reference Handler" daemon [_thread_blocked, id=5596, stack(0x000000dea6d00000,0x000000dea6e00000)]
  0x0000025e723e0800 JavaThread "Finalizer" daemon [_thread_blocked, id=9952, stack(0x000000dea6e00000,0x000000dea6f00000)]
  0x0000025e72da3000 JavaThread "Signal Dispatcher" daemon [_thread_blocked, id=11480, stack(0x000000dea6f00000,0x000000dea7000000)]
  0x0000025e723ff000 JavaThread "Attach Listener" daemon [_thread_blocked, id=11456, stack(0x000000dea7000000,0x000000dea7100000)]
  0x0000025e72400000 JavaThread "Service Thread" daemon [_thread_blocked, id=11492, stack(0x000000dea7100000,0x000000dea7200000)]
  0x0000025e72401800 JavaThread "C2 CompilerThread0" daemon [_thread_blocked, id=7496, stack(0x000000dea7200000,0x000000dea7300000)]
  0x0000025e72411000 JavaThread "C1 CompilerThread0" daemon [_thread_blocked, id=11488, stack(0x000000dea7300000,0x000000dea7400000)]
  0x0000025e7244d800 JavaThread "Sweeper thread" daemon [_thread_blocked, id=11296, stack(0x000000dea7400000,0x000000dea7500000)]
  0x0000025e72ec9800 JavaThread "Common-Cleaner" daemon [_thread_blocked, id=7948, stack(0x000000dea7600000,0x000000dea7700000)]
  0x0000025e732a3800 JavaThread "RMI TCP Accept-22186" daemon [_thread_in_native, id=11468, stack(0x000000dea7700000,0x000000dea7800000)]
  0x0000025e73254000 JavaThread "RMI TCP Accept-0" daemon [_thread_in_native, id=11980, stack(0x000000dea7800000,0x000000dea7900000)]
  0x0000025e73255000 JavaThread "RMI Reaper" [_thread_blocked, id=12176, stack(0x000000dea7900000,0x000000dea7a00000)]
  0x0000025e73258000 JavaThread "RMI GC Daemon" daemon [_thread_blocked, id=5852, stack(0x000000dea7a00000,0x000000dea7b00000)]
  0x0000025e73805000 JavaThread "RMI TCP Connection(1)-127.0.0.1" daemon [_thread_blocked, id=2976, stack(0x000000dea7c00000,0x000000dea7d00000)]
  0x0000025e733b4800 JavaThread "RMI Scheduler(0)" daemon [_thread_blocked, id=7556, stack(0x000000dea7d00000,0x000000dea7e00000)]
  0x0000025e73595800 JavaThread "RMI TCP Connection(2)-127.0.0.1" daemon [_thread_in_native, id=9668, stack(0x000000dea7e00000,0x000000dea7f00000)]

Other Threads:
=>0x0000025e723ba000 VMThread "VM Thread" [stack: 0x000000dea6c00000,0x000000dea6d00000] [id=10336]
  0x0000025e72ec5800 WatcherThread [stack: 0x000000dea7500000,0x000000dea7600000] [id=3200]
  0x0000025e59bd2800 GCTaskThread "GC Thread#0" [stack: 0x000000dea6700000,0x000000dea6800000] [id=11448]
  0x0000025e732d5800 GCTaskThread "GC Thread#1" [stack: 0x000000dea7b00000,0x000000dea7c00000] [id=4960]
  0x0000025e59be8800 ConcurrentGCThread "G1 Main Marker" [stack: 0x000000dea6800000,0x000000dea6900000] [id=8544]
  0x0000025e59bee000 ConcurrentGCThread "G1 Conc#0" [stack: 0x000000dea6900000,0x000000dea6a00000] [id=1144]
  0x0000025e59c72800 ConcurrentGCThread "G1 Refine#0" [stack: 0x000000dea6a00000,0x000000dea6b00000] [id=3092]
  0x0000025e59c75000 ConcurrentGCThread "G1 Young RemSet Sampling" [stack: 0x000000dea6b00000,0x000000dea6c00000] [id=6572]

Threads with active compile tasks:

VM state:at safepoint (normal execution)

VM Mutex/Monitor currently owned by a thread:  ([mutex/lock_event])
[0x0000025e59bbc6a0] Threads_lock - owner thread: 0x0000025e723ba000
[0x0000025e59bbd030] Heap_lock - owner thread: 0x0000025e73258000

Heap address: 0x00000000d1200000, size: 750 MB, Compressed Oops mode: 32-bit
Narrow klass base: 0x0000000000000000, Narrow klass shift: 3
Compressed class space size: 1073741824 Address: 0x0000000100000000

Heap:
 garbage-first heap   total 131072K, used 9079K [0x00000000d1200000, 0x0000000100000000)
  region size 1024K, 5 young (5120K), 0 survivors (0K)
 Metaspace       used 20179K, capacity 20532K, committed 21552K, reserved 1069056K
  class space    used 1996K, capacity 2131K, committed 2432K, reserved 1048576K
Heap Regions: E=young(eden), S=young(survivor), O=old, HS=humongous(starts), HC=humongous(continues), CS=collection set, F=free, A=archive, TAMS=top-at-mark-start (previous, next)
|   0|0x00000000d1200000, 0x00000000d12fffd8, 0x00000000d1300000| 99%| O|  |TAMS 0x00000000d1200000, 0x00000000d1200000| Untracked 
|   1|0x00000000d1300000, 0x00000000d1400000, 0x00000000d1400000|100%| O|  |TAMS 0x00000000d1300000, 0x00000000d1300000| Untracked 
|   2|0x00000000d1400000, 0x00000000d14ffff8, 0x00000000d1500000| 99%| O|  |TAMS 0x00000000d1400000, 0x00000000d1400000| Untracked 
|   3|0x00000000d1500000, 0x00000000d15ffff0, 0x00000000d1600000| 99%| O|  |TAMS 0x00000000d1500000, 0x00000000d1500000| Untracked 
|   4|0x00000000d1600000, 0x00000000d16dd398, 0x00000000d1700000| 86%| O|  |TAMS 0x00000000d1600000, 0x00000000d1600000| Untracked 
|   5|0x00000000d1700000, 0x00000000d1700000, 0x00000000d1800000|  0%| F|  |TAMS 0x00000000d1700000, 0x00000000d1700000| Untracked 
|   6|0x00000000d1800000, 0x00000000d1800b50, 0x00000000d1900000|  0%| O|  |TAMS 0x00000000d1800000, 0x00000000d1800000| Untracked 
|   7|0x00000000d1900000, 0x00000000d1900000, 0x00000000d1a00000|  0%| F|  |TAMS 0x00000000d1900000, 0x00000000d1900000| Untracked 
|   8|0x00000000d1a00000, 0x00000000d1a00000, 0x00000000d1b00000|  0%| F|  |TAMS 0x00000000d1a00000, 0x00000000d1a00000| Untracked 
|   9|0x00000000d1b00000, 0x00000000d1b00000, 0x00000000d1c00000|  0%| F|  |TAMS 0x00000000d1b00000, 0x00000000d1b00000| Untracked 
|  10|0x00000000d1c00000, 0x00000000d1c00000, 0x00000000d1d00000|  0%| F|  |TAMS 0x00000000d1c00000, 0x00000000d1c00000| Untracked 
|  11|0x00000000d1d00000, 0x00000000d1d00000, 0x00000000d1e00000|  0%| F|  |TAMS 0x00000000d1d00000, 0x00000000d1d00000| Untracked 
|  12|0x00000000d1e00000, 0x00000000d1e00000, 0x00000000d1f00000|  0%| F|  |TAMS 0x00000000d1e00000, 0x00000000d1e00000| Untracked 
|  13|0x00000000d1f00000, 0x00000000d1f00000, 0x00000000d2000000|  0%| F|  |TAMS 0x00000000d1f00000, 0x00000000d1f00000| Untracked 
|  14|0x00000000d2000000, 0x00000000d2000000, 0x00000000d2100000|  0%| F|  |TAMS 0x00000000d2000000, 0x00000000d2000000| Untracked 
|  15|0x00000000d2100000, 0x00000000d2100000, 0x00000000d2200000|  0%| F|  |TAMS 0x00000000d2100000, 0x00000000d2100000| Untracked 
|  16|0x00000000d2200000, 0x00000000d2200000, 0x00000000d2300000|  0%| F|  |TAMS 0x00000000d2200000, 0x00000000d2200000| Untracked 
|  17|0x00000000d2300000, 0x00000000d2300000, 0x00000000d2400000|  0%| F|  |TAMS 0x00000000d2300000, 0x00000000d2300000| Untracked 
|  18|0x00000000d2400000, 0x00000000d2400000, 0x00000000d2500000|  0%| F|  |TAMS 0x00000000d2400000, 0x00000000d2400000| Untracked 
|  19|0x00000000d2500000, 0x00000000d2500000, 0x00000000d2600000|  0%| F|  |TAMS 0x00000000d2500000, 0x00000000d2500000| Untracked 
|  20|0x00000000d2600000, 0x00000000d2600000, 0x00000000d2700000|  0%| F|  |TAMS 0x00000000d2600000, 0x00000000d2600000| Untracked 
|  21|0x00000000d2700000, 0x00000000d2700000, 0x00000000d2800000|  0%| F|  |TAMS 0x00000000d2700000, 0x00000000d2700000| Untracked 
|  22|0x00000000d2800000, 0x00000000d2800000, 0x00000000d2900000|  0%| F|  |TAMS 0x00000000d2800000, 0x00000000d2800000| Untracked 
|  23|0x00000000d2900000, 0x00000000d2900000, 0x00000000d2a00000|  0%| F|  |TAMS 0x00000000d2900000, 0x00000000d2900000| Untracked 
|  24|0x00000000d2a00000, 0x00000000d2a00000, 0x00000000d2b00000|  0%| F|  |TAMS 0x00000000d2a00000, 0x00000000d2a00000| Untracked 
|  25|0x00000000d2b00000, 0x00000000d2b00000, 0x00000000d2c00000|  0%| F|  |TAMS 0x00000000d2b00000, 0x00000000d2b00000| Untracked 
|  26|0x00000000d2c00000, 0x00000000d2c00000, 0x00000000d2d00000|  0%| F|  |TAMS 0x00000000d2c00000, 0x00000000d2c00000| Untracked 
|  27|0x00000000d2d00000, 0x00000000d2d00000, 0x00000000d2e00000|  0%| F|  |TAMS 0x00000000d2d00000, 0x00000000d2d00000| Untracked 
|  28|0x00000000d2e00000, 0x00000000d2e00000, 0x00000000d2f00000|  0%| F|  |TAMS 0x00000000d2e00000, 0x00000000d2e00000| Untracked 
|  29|0x00000000d2f00000, 0x00000000d2f00000, 0x00000000d3000000|  0%| F|  |TAMS 0x00000000d2f00000, 0x00000000d2f00000| Untracked 
|  30|0x00000000d3000000, 0x00000000d3000000, 0x00000000d3100000|  0%| F|  |TAMS 0x00000000d3000000, 0x00000000d3000000| Untracked 
|  31|0x00000000d3100000, 0x00000000d3100000, 0x00000000d3200000|  0%| F|  |TAMS 0x00000000d3100000, 0x00000000d3100000| Untracked 
|  32|0x00000000d3200000, 0x00000000d3200000, 0x00000000d3300000|  0%| F|  |TAMS 0x00000000d3200000, 0x00000000d3200000| Untracked 
|  33|0x00000000d3300000, 0x00000000d3300000, 0x00000000d3400000|  0%| F|  |TAMS 0x00000000d3300000, 0x00000000d3300000| Untracked 
|  34|0x00000000d3400000, 0x00000000d3400000, 0x00000000d3500000|  0%| F|  |TAMS 0x00000000d3400000, 0x00000000d3400000| Untracked 
|  35|0x00000000d3500000, 0x00000000d3500000, 0x00000000d3600000|  0%| F|  |TAMS 0x00000000d3500000, 0x00000000d3500000| Untracked 
|  36|0x00000000d3600000, 0x00000000d3600000, 0x00000000d3700000|  0%| F|  |TAMS 0x00000000d3600000, 0x00000000d3600000| Untracked 
|  37|0x00000000d3700000, 0x00000000d3700000, 0x00000000d3800000|  0%| F|  |TAMS 0x00000000d3700000, 0x00000000d3700000| Untracked 
|  38|0x00000000d3800000, 0x00000000d3800000, 0x00000000d3900000|  0%| F|  |TAMS 0x00000000d3800000, 0x00000000d3800000| Untracked 
|  39|0x00000000d3900000, 0x00000000d3900000, 0x00000000d3a00000|  0%| F|  |TAMS 0x00000000d3900000, 0x00000000d3900000| Untracked 
|  40|0x00000000d3a00000, 0x00000000d3a00000, 0x00000000d3b00000|  0%| F|  |TAMS 0x00000000d3a00000, 0x00000000d3a00000| Untracked 
|  41|0x00000000d3b00000, 0x00000000d3b00000, 0x00000000d3c00000|  0%| F|  |TAMS 0x00000000d3b00000, 0x00000000d3b00000| Untracked 
|  42|0x00000000d3c00000, 0x00000000d3c00000, 0x00000000d3d00000|  0%| F|  |TAMS 0x00000000d3c00000, 0x00000000d3c00000| Untracked 
|  43|0x00000000d3d00000, 0x00000000d3d00000, 0x00000000d3e00000|  0%| F|  |TAMS 0x00000000d3d00000, 0x00000000d3d00000| Untracked 
|  44|0x00000000d3e00000, 0x00000000d3e00000, 0x00000000d3f00000|  0%| F|  |TAMS 0x00000000d3e00000, 0x00000000d3e00000| Untracked 
|  45|0x00000000d3f00000, 0x00000000d3f00000, 0x00000000d4000000|  0%| F|  |TAMS 0x00000000d3f00000, 0x00000000d3f00000| Untracked 
|  46|0x00000000d4000000, 0x00000000d4000000, 0x00000000d4100000|  0%| F|  |TAMS 0x00000000d4000000, 0x00000000d4000000| Untracked 
|  47|0x00000000d4100000, 0x00000000d4100000, 0x00000000d4200000|  0%| F|  |TAMS 0x00000000d4100000, 0x00000000d4100000| Untracked 
|  48|0x00000000d4200000, 0x00000000d4200000, 0x00000000d4300000|  0%| F|  |TAMS 0x00000000d4200000, 0x00000000d4200000| Untracked 
|  49|0x00000000d4300000, 0x00000000d4300000, 0x00000000d4400000|  0%| F|  |TAMS 0x00000000d4300000, 0x00000000d4300000| Untracked 
|  50|0x00000000d4400000, 0x00000000d4400000, 0x00000000d4500000|  0%| F|  |TAMS 0x00000000d4400000, 0x00000000d4400000| Untracked 
|  51|0x00000000d4500000, 0x00000000d4500000, 0x00000000d4600000|  0%| F|  |TAMS 0x00000000d4500000, 0x00000000d4500000| Untracked 
|  52|0x00000000d4600000, 0x00000000d4600000, 0x00000000d4700000|  0%| F|  |TAMS 0x00000000d4600000, 0x00000000d4600000| Untracked 
|  53|0x00000000d4700000, 0x00000000d4700000, 0x00000000d4800000|  0%| F|  |TAMS 0x00000000d4700000, 0x00000000d4700000| Untracked 
|  54|0x00000000d4800000, 0x00000000d4800000, 0x00000000d4900000|  0%| F|  |TAMS 0x00000000d4800000, 0x00000000d4800000| Untracked 
|  55|0x00000000d4900000, 0x00000000d4900000, 0x00000000d4a00000|  0%| F|  |TAMS 0x00000000d4900000, 0x00000000d4900000| Untracked 
|  56|0x00000000d4a00000, 0x00000000d4a00000, 0x00000000d4b00000|  0%| F|  |TAMS 0x00000000d4a00000, 0x00000000d4a00000| Untracked 
|  57|0x00000000d4b00000, 0x00000000d4b00000, 0x00000000d4c00000|  0%| F|  |TAMS 0x00000000d4b00000, 0x00000000d4b00000| Untracked 
|  58|0x00000000d4c00000, 0x00000000d4c00000, 0x00000000d4d00000|  0%| F|  |TAMS 0x00000000d4c00000, 0x00000000d4c00000| Untracked 
|  59|0x00000000d4d00000, 0x00000000d4d00000, 0x00000000d4e00000|  0%| F|  |TAMS 0x00000000d4d00000, 0x00000000d4d00000| Untracked 
|  60|0x00000000d4e00000, 0x00000000d4e00000, 0x00000000d4f00000|  0%| F|  |TAMS 0x00000000d4e00000, 0x00000000d4e00000| Untracked 
|  61|0x00000000d4f00000, 0x00000000d4f00000, 0x00000000d5000000|  0%| F|  |TAMS 0x00000000d4f00000, 0x00000000d4f00000| Untracked 
|  62|0x00000000d5000000, 0x00000000d5000000, 0x00000000d5100000|  0%| F|  |TAMS 0x00000000d5000000, 0x00000000d5000000| Untracked 
|  63|0x00000000d5100000, 0x00000000d5100000, 0x00000000d5200000|  0%| F|  |TAMS 0x00000000d5100000, 0x00000000d5100000| Untracked 
|  64|0x00000000d5200000, 0x00000000d5200000, 0x00000000d5300000|  0%| F|  |TAMS 0x00000000d5200000, 0x00000000d5200000| Untracked 
|  65|0x00000000d5300000, 0x00000000d5300000, 0x00000000d5400000|  0%| F|  |TAMS 0x00000000d5300000, 0x00000000d5300000| Untracked 
|  66|0x00000000d5400000, 0x00000000d5400000, 0x00000000d5500000|  0%| F|  |TAMS 0x00000000d5400000, 0x00000000d5400000| Untracked 
|  67|0x00000000d5500000, 0x00000000d5500000, 0x00000000d5600000|  0%| F|  |TAMS 0x00000000d5500000, 0x00000000d5500000| Untracked 
|  68|0x00000000d5600000, 0x00000000d5600000, 0x00000000d5700000|  0%| F|  |TAMS 0x00000000d5600000, 0x00000000d5600000| Untracked 
|  69|0x00000000d5700000, 0x00000000d5700000, 0x00000000d5800000|  0%| F|  |TAMS 0x00000000d5700000, 0x00000000d5700000| Untracked 
|  70|0x00000000d5800000, 0x00000000d5800000, 0x00000000d5900000|  0%| F|  |TAMS 0x00000000d5800000, 0x00000000d5800000| Untracked 
|  71|0x00000000d5900000, 0x00000000d5900000, 0x00000000d5a00000|  0%| F|  |TAMS 0x00000000d5900000, 0x00000000d5900000| Untracked 
|  72|0x00000000d5a00000, 0x00000000d5a00000, 0x00000000d5b00000|  0%| F|  |TAMS 0x00000000d5a00000, 0x00000000d5a00000| Untracked 
|  73|0x00000000d5b00000, 0x00000000d5b00000, 0x00000000d5c00000|  0%| F|  |TAMS 0x00000000d5b00000, 0x00000000d5b00000| Untracked 
|  74|0x00000000d5c00000, 0x00000000d5c00000, 0x00000000d5d00000|  0%| F|  |TAMS 0x00000000d5c00000, 0x00000000d5c00000| Untracked 
|  75|0x00000000d5d00000, 0x00000000d5d00000, 0x00000000d5e00000|  0%| F|  |TAMS 0x00000000d5d00000, 0x00000000d5d00000| Untracked 
|  76|0x00000000d5e00000, 0x00000000d5e00000, 0x00000000d5f00000|  0%| F|  |TAMS 0x00000000d5e00000, 0x00000000d5e00000| Untracked 
|  77|0x00000000d5f00000, 0x00000000d5f00000, 0x00000000d6000000|  0%| F|  |TAMS 0x00000000d5f00000, 0x00000000d5f00000| Untracked 
|  78|0x00000000d6000000, 0x00000000d6000000, 0x00000000d6100000|  0%| F|  |TAMS 0x00000000d6000000, 0x00000000d6000000| Untracked 
|  79|0x00000000d6100000, 0x00000000d6100000, 0x00000000d6200000|  0%| F|  |TAMS 0x00000000d6100000, 0x00000000d6100000| Untracked 
|  80|0x00000000d6200000, 0x00000000d6200000, 0x00000000d6300000|  0%| F|  |TAMS 0x00000000d6200000, 0x00000000d6200000| Untracked 
|  81|0x00000000d6300000, 0x00000000d6300000, 0x00000000d6400000|  0%| F|  |TAMS 0x00000000d6300000, 0x00000000d6300000| Untracked 
|  82|0x00000000d6400000, 0x00000000d6400000, 0x00000000d6500000|  0%| F|  |TAMS 0x00000000d6400000, 0x00000000d6400000| Untracked 
|  83|0x00000000d6500000, 0x00000000d6500000, 0x00000000d6600000|  0%| F|  |TAMS 0x00000000d6500000, 0x00000000d6500000| Untracked 
|  84|0x00000000d6600000, 0x00000000d6600000, 0x00000000d6700000|  0%| F|  |TAMS 0x00000000d6600000, 0x00000000d6600000| Untracked 
|  85|0x00000000d6700000, 0x00000000d6700000, 0x00000000d6800000|  0%| F|  |TAMS 0x00000000d6700000, 0x00000000d6700000| Untracked 
|  86|0x00000000d6800000, 0x00000000d6800000, 0x00000000d6900000|  0%| F|  |TAMS 0x00000000d6800000, 0x00000000d6800000| Untracked 
|  87|0x00000000d6900000, 0x00000000d6900000, 0x00000000d6a00000|  0%| F|  |TAMS 0x00000000d6900000, 0x00000000d6900000| Untracked 
|  88|0x00000000d6a00000, 0x00000000d6a00000, 0x00000000d6b00000|  0%| F|  |TAMS 0x00000000d6a00000, 0x00000000d6a00000| Untracked 
|  89|0x00000000d6b00000, 0x00000000d6b00000, 0x00000000d6c00000|  0%| F|  |TAMS 0x00000000d6b00000, 0x00000000d6b00000| Untracked 
|  90|0x00000000d6c00000, 0x00000000d6c00000, 0x00000000d6d00000|  0%| F|  |TAMS 0x00000000d6c00000, 0x00000000d6c00000| Untracked 
|  91|0x00000000d6d00000, 0x00000000d6d00000, 0x00000000d6e00000|  0%| F|  |TAMS 0x00000000d6d00000, 0x00000000d6d00000| Untracked 
|  92|0x00000000d6e00000, 0x00000000d6e00000, 0x00000000d6f00000|  0%| F|  |TAMS 0x00000000d6e00000, 0x00000000d6e00000| Untracked 
|  93|0x00000000d6f00000, 0x00000000d6f00000, 0x00000000d7000000|  0%| F|  |TAMS 0x00000000d6f00000, 0x00000000d6f00000| Untracked 
|  94|0x00000000d7000000, 0x00000000d7000000, 0x00000000d7100000|  0%| F|  |TAMS 0x00000000d7000000, 0x00000000d7000000| Untracked 
|  95|0x00000000d7100000, 0x00000000d7100000, 0x00000000d7200000|  0%| F|  |TAMS 0x00000000d7100000, 0x00000000d7100000| Untracked 
|  96|0x00000000d7200000, 0x00000000d7200000, 0x00000000d7300000|  0%| F|  |TAMS 0x00000000d7200000, 0x00000000d7200000| Untracked 
|  97|0x00000000d7300000, 0x00000000d7300000, 0x00000000d7400000|  0%| F|  |TAMS 0x00000000d7300000, 0x00000000d7300000| Untracked 
|  98|0x00000000d7400000, 0x00000000d7400000, 0x00000000d7500000|  0%| F|  |TAMS 0x00000000d7400000, 0x00000000d7400000| Untracked 
|  99|0x00000000d7500000, 0x00000000d7500000, 0x00000000d7600000|  0%| F|  |TAMS 0x00000000d7500000, 0x00000000d7500000| Untracked 
| 100|0x00000000d7600000, 0x00000000d7600000, 0x00000000d7700000|  0%| F|  |TAMS 0x00000000d7600000, 0x00000000d7600000| Untracked 
| 101|0x00000000d7700000, 0x00000000d7700000, 0x00000000d7800000|  0%| F|  |TAMS 0x00000000d7700000, 0x00000000d7700000| Untracked 
| 102|0x00000000d7800000, 0x00000000d7800000, 0x00000000d7900000|  0%| F|  |TAMS 0x00000000d7800000, 0x00000000d7800000| Untracked 
| 103|0x00000000d7900000, 0x00000000d7900000, 0x00000000d7a00000|  0%| F|  |TAMS 0x00000000d7900000, 0x00000000d7900000| Untracked 
| 104|0x00000000d7a00000, 0x00000000d7a00000, 0x00000000d7b00000|  0%| F|  |TAMS 0x00000000d7a00000, 0x00000000d7a00000| Untracked 
| 105|0x00000000d7b00000, 0x00000000d7b00000, 0x00000000d7c00000|  0%| F|  |TAMS 0x00000000d7b00000, 0x00000000d7b00000| Untracked 
| 106|0x00000000d7c00000, 0x00000000d7c00000, 0x00000000d7d00000|  0%| F|  |TAMS 0x00000000d7c00000, 0x00000000d7c00000| Untracked 
| 107|0x00000000d7d00000, 0x00000000d7d00000, 0x00000000d7e00000|  0%| F|  |TAMS 0x00000000d7d00000, 0x00000000d7d00000| Untracked 
| 108|0x00000000d7e00000, 0x00000000d7e00000, 0x00000000d7f00000|  0%| F|  |TAMS 0x00000000d7e00000, 0x00000000d7e00000| Untracked 
| 109|0x00000000d7f00000, 0x00000000d7f00000, 0x00000000d8000000|  0%| F|  |TAMS 0x00000000d7f00000, 0x00000000d7f00000| Untracked 
| 110|0x00000000d8000000, 0x00000000d8000000, 0x00000000d8100000|  0%| F|  |TAMS 0x00000000d8000000, 0x00000000d8000000| Untracked 
| 111|0x00000000d8100000, 0x00000000d8100000, 0x00000000d8200000|  0%| F|  |TAMS 0x00000000d8100000, 0x00000000d8100000| Untracked 
| 112|0x00000000d8200000, 0x00000000d8200000, 0x00000000d8300000|  0%| F|  |TAMS 0x00000000d8200000, 0x00000000d8200000| Untracked 
| 113|0x00000000d8300000, 0x00000000d8300000, 0x00000000d8400000|  0%| F|  |TAMS 0x00000000d8300000, 0x00000000d8300000| Untracked 
| 114|0x00000000d8400000, 0x00000000d8400000, 0x00000000d8500000|  0%| F|  |TAMS 0x00000000d8400000, 0x00000000d8400000| Untracked 
| 115|0x00000000d8500000, 0x00000000d8500000, 0x00000000d8600000|  0%| F|  |TAMS 0x00000000d8500000, 0x00000000d8500000| Untracked 
| 116|0x00000000d8600000, 0x00000000d8600000, 0x00000000d8700000|  0%| F|  |TAMS 0x00000000d8600000, 0x00000000d8600000| Untracked 
| 117|0x00000000d8700000, 0x00000000d8700000, 0x00000000d8800000|  0%| F|  |TAMS 0x00000000d8700000, 0x00000000d8700000| Untracked 
| 118|0x00000000d8800000, 0x00000000d8800000, 0x00000000d8900000|  0%| F|  |TAMS 0x00000000d8800000, 0x00000000d8800000| Untracked 
| 119|0x00000000d8900000, 0x00000000d8900000, 0x00000000d8a00000|  0%| F|  |TAMS 0x00000000d8900000, 0x00000000d8900000| Untracked 
| 120|0x00000000d8a00000, 0x00000000d8a00000, 0x00000000d8b00000|  0%| F|  |TAMS 0x00000000d8a00000, 0x00000000d8a00000| Untracked 
| 121|0x00000000d8b00000, 0x00000000d8b00000, 0x00000000d8c00000|  0%| F|  |TAMS 0x00000000d8b00000, 0x00000000d8b00000| Untracked 
| 122|0x00000000d8c00000, 0x00000000d8c00000, 0x00000000d8d00000|  0%| F|  |TAMS 0x00000000d8c00000, 0x00000000d8c00000| Untracked 
| 123|0x00000000d8d00000, 0x00000000d8db6ec0, 0x00000000d8e00000| 71%| E|  |TAMS 0x00000000d8d00000, 0x00000000d8d00000| Complete 
| 124|0x00000000d8e00000, 0x00000000d8f00000, 0x00000000d8f00000|100%| E|CS|TAMS 0x00000000d8e00000, 0x00000000d8e00000| Complete 
| 125|0x00000000d8f00000, 0x00000000d9000000, 0x00000000d9000000|100%| E|CS|TAMS 0x00000000d8f00000, 0x00000000d8f00000| Complete 
| 126|0x00000000d9000000, 0x00000000d9100000, 0x00000000d9100000|100%| E|CS|TAMS 0x00000000d9000000, 0x00000000d9000000| Complete 
| 127|0x00000000d9100000, 0x00000000d9200000, 0x00000000d9200000|100%| E|CS|TAMS 0x00000000d9100000, 0x00000000d9100000| Complete 

Card table byte_map: [0x0000025e6e5b0000,0x0000025e6e730000] _byte_map_base: 0x0000025e6df27000

Marking Bits (Prev, Next): (CMBitMap*) 0x0000025e59be4ff0, (CMBitMap*) 0x0000025e59be4fb8
 Prev Bits: [0x0000025e6f470000, 0x0000025e70028000)
 Next Bits: [0x0000025e6e8b0000, 0x0000025e6f468000)

Polling page: 0x0000025e59a80000

Metaspace:

Usage:
  Non-class:     17.97 MB capacity,    17.76 MB ( 99%) used,   183.13 KB ( <1%) free+waste,    35.19 KB ( <1%) overhead. 
      Class:      2.08 MB capacity,     1.95 MB ( 94%) used,   118.65 KB (  6%) free+waste,    15.50 KB ( <1%) overhead. 
       Both:     20.05 MB capacity,    19.71 MB ( 98%) used,   301.78 KB (  1%) free+waste,    50.69 KB ( <1%) overhead. 

Virtual space:
  Non-class space:       20.00 MB reserved,      18.67 MB ( 93%) committed 
      Class space:        1.00 GB reserved,       2.38 MB ( <1%) committed 
             Both:        1.02 GB reserved,      21.05 MB (  2%) committed 

Chunk freelists:
   Non-Class:  543.00 KB
       Class:  237.00 KB
        Both:  780.00 KB

MaxMetaspaceSize: 17179869184.00 GB
CompressedClassSpaceSize: 1.00 GB
Initial GC threshold: 20.80 MB
Current GC threshold: 35.08 MB
CDS: off

CodeHeap 'non-profiled nmethods': size=120064Kb used=1036Kb max_used=1036Kb free=119027Kb
 bounds [0x0000025e66af0000, 0x0000025e66d60000, 0x0000025e6e030000]
CodeHeap 'profiled nmethods': size=120000Kb used=4791Kb max_used=4791Kb free=115208Kb
 bounds [0x0000025e5f5c0000, 0x0000025e5fa70000, 0x0000025e66af0000]
CodeHeap 'non-nmethods': size=5696Kb used=1240Kb max_used=1293Kb free=4455Kb
 bounds [0x0000025e5f030000, 0x0000025e5f2a0000, 0x0000025e5f5c0000]
 total_blobs=2786 nmethods=2266 adapters=433
 compilation: enabled
              stopped_count=0, restarted_count=0
 full_count=0

Compilation events (20 events):
Event: 14919.795 Thread 0x0000025e72401800 2263       4       sun.rmi.transport.ObjectEndpoint::equals (45 bytes)
Event: 14919.798 Thread 0x0000025e72401800 nmethod 2263 0x0000025e66be8e90 code [0x0000025e66be9040, 0x0000025e66be9218]
Event: 14959.597 Thread 0x0000025e72401800 2264       4       java.io.ObjectInputStream$BlockDataInputStream::peek (55 bytes)
Event: 14959.602 Thread 0x0000025e72401800 nmethod 2264 0x0000025e66be9490 code [0x0000025e66be9640, 0x0000025e66be9b28]
Event: 15172.093 Thread 0x0000025e72401800 2265   !   4       java.io.ObjectOutputStream::defaultWriteFields (284 bytes)
Event: 15172.133 Thread 0x0000025e72401800 nmethod 2265 0x0000025e66be9d10 code [0x0000025e66be9f40, 0x0000025e66bead40]
Event: 15199.121 Thread 0x0000025e72401800 2266       4       java.rmi.server.UID::read (34 bytes)
Event: 15199.283 Thread 0x0000025e72401800 nmethod 2266 0x0000025e66beb790 code [0x0000025e66bebb80, 0x0000025e66befa78]
Event: 15478.546 Thread 0x0000025e72401800 2267       4       java.rmi.server.UID::equals (54 bytes)
Event: 15478.548 Thread 0x0000025e72401800 nmethod 2267 0x0000025e66bf1d10 code [0x0000025e66bf1ea0, 0x0000025e66bf1fb8]
Event: 15602.485 Thread 0x0000025e72401800 2268       4       java.util.concurrent.locks.ReentrantLock$Sync::nonfairTryAcquire (67 bytes)
Event: 15602.488 Thread 0x0000025e72401800 nmethod 2268 0x0000025e66bf2110 code [0x0000025e66bf22a0, 0x0000025e66bf2418]
Event: 15604.693 Thread 0x0000025e72401800 2269       4       java.util.concurrent.locks.ReentrantLock$NonfairSync::tryAcquire (6 bytes)
Event: 15604.696 Thread 0x0000025e72401800 nmethod 2269 0x0000025e66bf2510 code [0x0000025e66bf26a0, 0x0000025e66bf2818]
Event: 15604.696 Thread 0x0000025e72401800 2270       4       java.util.concurrent.locks.ReentrantLock$Sync::tryRelease (45 bytes)
Event: 15604.697 Thread 0x0000025e72401800 nmethod 2270 0x0000025e66bf2910 code [0x0000025e66bf2aa0, 0x0000025e66bf2b98]
Event: 15857.041 Thread 0x0000025e72401800 2271       4       java.io.ObjectOutputStream::writeInt (9 bytes)
Event: 15857.043 Thread 0x0000025e72401800 nmethod 2271 0x0000025e66bf2c90 code [0x0000025e66bf2e20, 0x0000025e66bf2f58]
Event: 15913.737 Thread 0x0000025e72401800 2272       4       java.util.concurrent.TimeUnit::toNanos (45 bytes)
Event: 15913.738 Thread 0x0000025e72401800 nmethod 2272 0x0000025e66bf3090 code [0x0000025e66bf3220, 0x0000025e66bf32f8]

GC Heap History (14 events):
Event: 1.491 GC heap before
{Heap before GC invocations=0 (full 0):
 garbage-first heap   total 131072K, used 7168K [0x00000000d1200000, 0x0000000100000000)
  region size 1024K, 7 young (7168K), 0 survivors (0K)
 Metaspace       used 9229K, capacity 9586K, committed 9728K, reserved 1058816K
  class space    used 899K, capacity 1006K, committed 1024K, reserved 1048576K
}
Event: 1.500 GC heap after
{Heap after GC invocations=1 (full 0):
 garbage-first heap   total 131072K, used 2893K [0x00000000d1200000, 0x0000000100000000)
  region size 1024K, 1 young (1024K), 1 survivors (1024K)
 Metaspace       used 9229K, capacity 9586K, committed 9728K, reserved 1058816K
  class space    used 899K, capacity 1006K, committed 1024K, reserved 1048576K
}
Event: 2.367 GC heap before
{Heap before GC invocations=1 (full 0):
 garbage-first heap   total 131072K, used 8013K [0x00000000d1200000, 0x0000000100000000)
  region size 1024K, 6 young (6144K), 1 survivors (1024K)
 Metaspace       used 10982K, capacity 11491K, committed 11648K, reserved 1058816K
  class space    used 1136K, capacity 1342K, committed 1408K, reserved 1048576K
}
Event: 2.373 GC heap after
{Heap after GC invocations=2 (full 0):
 garbage-first heap   total 131072K, used 3463K [0x00000000d1200000, 0x0000000100000000)
  region size 1024K, 1 young (1024K), 1 survivors (1024K)
 Metaspace       used 10982K, capacity 11491K, committed 11648K, reserved 1058816K
  class space    used 1136K, capacity 1342K, committed 1408K, reserved 1048576K
}
Event: 7.077 GC heap before
{Heap before GC invocations=2 (full 0):
 garbage-first heap   total 131072K, used 15751K [0x00000000d1200000, 0x0000000100000000)
  region size 1024K, 14 young (14336K), 1 survivors (1024K)
 Metaspace       used 19381K, capacity 20008K, committed 20224K, reserved 1067008K
  class space    used 2047K, capacity 2304K, committed 2304K, reserved 1048576K
}
Event: 7.087 GC heap after
{Heap after GC invocations=3 (full 0):
 garbage-first heap   total 131072K, used 5478K [0x00000000d1200000, 0x0000000100000000)
  region size 1024K, 2 young (2048K), 2 survivors (2048K)
 Metaspace       used 19381K, capacity 20008K, committed 20224K, reserved 1067008K
  class space    used 2047K, capacity 2304K, committed 2304K, reserved 1048576K
}
Event: 2293.729 GC heap before
{Heap before GC invocations=3 (full 0):
 garbage-first heap   total 131072K, used 14694K [0x00000000d1200000, 0x0000000100000000)
  region size 1024K, 12 young (12288K), 2 survivors (2048K)
 Metaspace       used 20545K, capacity 21114K, committed 21296K, reserved 1069056K
  class space    used 2113K, capacity 2356K, committed 2432K, reserved 1048576K
}
Event: 2293.738 GC heap after
{Heap after GC invocations=4 (full 0):
 garbage-first heap   total 131072K, used 6125K [0x00000000d1200000, 0x0000000100000000)
  region size 1024K, 1 young (1024K), 1 survivors (1024K)
 Metaspace       used 20545K, capacity 21114K, committed 21296K, reserved 1069056K
  class space    used 2113K, capacity 2356K, committed 2432K, reserved 1048576K
}
Event: 5893.749 GC heap before
{Heap before GC invocations=5 (full 0):
 garbage-first heap   total 131072K, used 11245K [0x00000000d1200000, 0x0000000100000000)
  region size 1024K, 7 young (7168K), 1 survivors (1024K)
 Metaspace       used 20444K, capacity 20947K, committed 21552K, reserved 1069056K
  class space    used 2067K, capacity 2267K, committed 2432K, reserved 1048576K
}
Event: 5893.779 GC heap after
{Heap after GC invocations=6 (full 1):
 garbage-first heap   total 131072K, used 4989K [0x00000000d1200000, 0x0000000100000000)
  region size 1024K, 0 young (0K), 0 survivors (0K)
 Metaspace       used 20135K, capacity 20468K, committed 21552K, reserved 1069056K
  class space    used 1996K, capacity 2131K, committed 2432K, reserved 1048576K
}
Event: 9493.796 GC heap before
{Heap before GC invocations=6 (full 1):
 garbage-first heap   total 131072K, used 9085K [0x00000000d1200000, 0x0000000100000000)
  region size 1024K, 5 young (5120K), 0 survivors (0K)
 Metaspace       used 20170K, capacity 20532K, committed 21552K, reserved 1069056K
  class space    used 1996K, capacity 2131K, committed 2432K, reserved 1048576K
}
Event: 9493.844 GC heap after
{Heap after GC invocations=7 (full 2):
 garbage-first heap   total 131072K, used 4982K [0x00000000d1200000, 0x0000000100000000)
  region size 1024K, 0 young (0K), 0 survivors (0K)
 Metaspace       used 20170K, capacity 20532K, committed 21552K, reserved 1069056K
  class space    used 1996K, capacity 2131K, committed 2432K, reserved 1048576K
}
Event: 13093.878 GC heap before
{Heap before GC invocations=7 (full 2):
 garbage-first heap   total 131072K, used 9078K [0x00000000d1200000, 0x0000000100000000)
  region size 1024K, 5 young (5120K), 0 survivors (0K)
 Metaspace       used 20179K, capacity 20532K, committed 21552K, reserved 1069056K
  class space    used 1996K, capacity 2131K, committed 2432K, reserved 1048576K
}
Event: 13093.899 GC heap after
{Heap after GC invocations=8 (full 3):
 garbage-first heap   total 131072K, used 4983K [0x00000000d1200000, 0x0000000100000000)
  region size 1024K, 0 young (0K), 0 survivors (0K)
 Metaspace       used 20179K, capacity 20532K, committed 21552K, reserved 1069056K
  class space    used 1996K, capacity 2131K, committed 2432K, reserved 1048576K
}

Deoptimization events (20 events):
Event: 5.753 Thread 0x0000025e73595800 DEOPT PACKING pc=0x0000025e66b4f124 sp=0x000000dea7efad00
Event: 5.753 Thread 0x0000025e73595800 DEOPT UNPACKING pc=0x0000025e5f07a1a9 sp=0x000000dea7efac68 mode 2
Event: 6.820 Thread 0x0000025e73595800 Uncommon trap: trap_request=0xffffffc6 fr.pc=0x0000025e66b6ef88 relative=0x00000000000005a8
Event: 6.820 Thread 0x0000025e73595800 Uncommon trap: reason=bimorphic_or_optimized_type_check action=maybe_recompile pc=0x0000025e66b6ef88 method=java.util.regex.Pattern$SliceI.match(Ljava/util/regex/Matcher;ILjava/lang/CharSequence;)Z @ 92 c2
Event: 6.820 Thread 0x0000025e73595800 DEOPT PACKING pc=0x0000025e66b6ef88 sp=0x000000dea7efaea0
Event: 6.820 Thread 0x0000025e73595800 DEOPT UNPACKING pc=0x0000025e5f07a1a9 sp=0x000000dea7efae38 mode 2
Event: 7.128 Thread 0x0000025e73595800 Uncommon trap: trap_request=0xffffff4d fr.pc=0x0000025e66b434b4 relative=0x0000000000000114
Event: 7.128 Thread 0x0000025e73595800 Uncommon trap: reason=unstable_if action=reinterpret pc=0x0000025e66b434b4 method=java.util.Arrays.equals([Ljava/lang/Object;[Ljava/lang/Object;)Z @ 44 c2
Event: 7.128 Thread 0x0000025e73595800 DEOPT PACKING pc=0x0000025e66b434b4 sp=0x000000dea7ef89b0
Event: 7.128 Thread 0x0000025e73595800 DEOPT UNPACKING pc=0x0000025e5f07a1a9 sp=0x000000dea7ef8940 mode 2
Event: 7.163 Thread 0x0000025e73595800 DEOPT PACKING pc=0x0000025e5f67bddb sp=0x000000dea7ef9d00
Event: 7.163 Thread 0x0000025e73595800 DEOPT UNPACKING pc=0x0000025e5f07a93f sp=0x000000dea7ef9178 mode 0
Event: 9.433 Thread 0x0000025e738bc800 Uncommon trap: trap_request=0xffffff4d fr.pc=0x0000025e66b49e80 relative=0x0000000000000160
Event: 9.433 Thread 0x0000025e738bc800 Uncommon trap: reason=unstable_if action=reinterpret pc=0x0000025e66b49e80 method=java.lang.StringCoding.hasNegatives([BII)Z @ 12 c2
Event: 9.433 Thread 0x0000025e738bc800 DEOPT PACKING pc=0x0000025e66b49e80 sp=0x000000dea80fa8d0
Event: 9.433 Thread 0x0000025e738bc800 DEOPT UNPACKING pc=0x0000025e5f07a1a9 sp=0x000000dea80fa860 mode 2
Event: 7680.305 Thread 0x0000025e73805000 DEOPT PACKING pc=0x0000025e5f9598b1 sp=0x000000dea7cfb080
Event: 7680.305 Thread 0x0000025e73805000 DEOPT UNPACKING pc=0x0000025e5f07a93f sp=0x000000dea7cfa498 mode 0
Event: 9465.647 Thread 0x0000025e73805000 DEOPT PACKING pc=0x0000025e5f9598b1 sp=0x000000dea7cfb080
Event: 9465.647 Thread 0x0000025e73805000 DEOPT UNPACKING pc=0x0000025e5f07a93f sp=0x000000dea7cfa498 mode 0

Classes redefined (0 events):
No events

Internal exceptions (20 events):
Event: 1.589 Thread 0x0000025e59bbf800 Exception <a 'java/lang/NoSuchMethodError'{0x00000000d905aeb0}: 'java.lang.Object java.lang.invoke.DirectMethodHandle$Holder.invokeStatic(java.lang.Object, java.lang.Object, java.lang.Object, java.lang.Object, java.lang.Object, java.lang.Object, java.lang.Object, java.lang.Object, int, int)'> (0x00000000d905aeb0) thrown at [./src/hotspot/share/interpreter/linkResolver.cpp, line 773]
Event: 1.596 Thread 0x0000025e59bbf800 Exception <a 'java/lang/NoSuchMethodError'{0x00000000d9076690}: 'java.lang.Object java.lang.invoke.DirectMethodHandle$Holder.invokeStatic(java.lang.Object, java.lang.Object, java.lang.Object, java.lang.Object, java.lang.Object, java.lang.Object, java.lang.Object, java.lang.Object, int, int, java.lang.Object)'> (0x00000000d9076690) thrown at [./src/hotspot/share/interpreter/linkResolver.cpp, line 773]
Event: 1.601 Thread 0x0000025e59bbf800 Exception <a 'java/lang/NoSuchMethodError'{0x00000000d9092198}: 'java.lang.Object java.lang.invoke.DirectMethodHandle$Holder.invokeStatic(java.lang.Object, java.lang.Object, java.lang.Object, java.lang.Object, java.lang.Object, java.lang.Object, java.lang.Object, java.lang.Object, int, int, java.lang.Object, java.lang.Object)'> (0x00000000d9092198) thrown at [./src/hotspot/share/interpreter/linkResolver.cpp, line 773]
Event: 1.639 Thread 0x0000025e59bbf800 Exception <a 'java/lang/NoSuchMethodError'{0x00000000d8f19598}: 'java.lang.Object java.lang.invoke.DirectMethodHandle$Holder.invokeStatic(java.lang.Object, java.lang.Object, java.lang.Object, java.lang.Object, int)'> (0x00000000d8f19598) thrown at [./src/hotspot/share/interpreter/linkResolver.cpp, line 773]
Event: 1.678 Thread 0x0000025e59bbf800 Exception <a 'java/lang/NoSuchMethodError'{0x00000000d8fde0b0}: 'java.lang.Object java.lang.invoke.DelegatingMethodHandle$Holder.reinvoke_L(java.lang.Object, java.lang.Object, long)'> (0x00000000d8fde0b0) thrown at [./src/hotspot/share/interpreter/linkResolver.cpp, line 773]
Event: 1.679 Thread 0x0000025e59bbf800 Exception <a 'java/lang/NoSuchMethodError'{0x00000000d8fe12a0}: 'java.lang.Object java.lang.invoke.Invokers$Holder.linkToTargetMethod(java.lang.Object, long, java.lang.Object)'> (0x00000000d8fe12a0) thrown at [./src/hotspot/share/interpreter/linkResolver.cpp, line 773]
Event: 1.805 Thread 0x0000025e73805000 Exception <a 'java/lang/NoSuchMethodError'{0x00000000d8e61ca0}: 'java.lang.Object java.lang.invoke.DelegatingMethodHandle$Holder.reinvoke_L(java.lang.Object, int, java.lang.Object)'> (0x00000000d8e61ca0) thrown at [./src/hotspot/share/interpreter/linkResolver.cpp, line 773]
Event: 1.981 Thread 0x0000025e73595800 Exception <a 'java/lang/NoSuchMethodError'{0x00000000d8d179a0}: <clinit>> (0x00000000d8d179a0) thrown at [./src/hotspot/share/prims/jni.cpp, line 1366]
Event: 2.475 Thread 0x0000025e73595800 Exception <a 'java/lang/NoSuchMethodError'{0x00000000d9030e48}: 'java.lang.Object java.lang.invoke.DirectMethodHandle$Holder.invokeVirtual(java.lang.Object, java.lang.Object, java.lang.Object, java.lang.Object)'> (0x00000000d9030e48) thrown at [./src/hotspot/share/interpreter/linkResolver.cpp, line 773]
Event: 2.820 Thread 0x0000025e73595800 Exception <a 'java/lang/NoSuchMethodError'{0x00000000d8f68f18}: 'java.lang.Object java.lang.invoke.DirectMethodHandle$Holder.invokeStaticInit(java.lang.Object, java.lang.Object, java.lang.Object)'> (0x00000000d8f68f18) thrown at [./src/hotspot/share/interpreter/linkResolver.cpp, line 773]
Event: 3.367 Thread 0x0000025e73595800 Exception <a 'sun/nio/fs/WindowsException'{0x00000000d8e9a110}> (0x00000000d8e9a110) thrown at [./src/hotspot/share/prims/jni.cpp, line 616]
Event: 3.375 Thread 0x0000025e73595800 Exception <a 'java/lang/NoSuchMethodError'{0x00000000d8ea1298}: 'int java.lang.invoke.DirectMethodHandle$Holder.invokeSpecialIFC(java.lang.Object, java.lang.Object, int)'> (0x00000000d8ea1298) thrown at [./src/hotspot/share/interpreter/linkResolver.cpp, line 773]
Event: 3.453 Thread 0x0000025e73595800 Exception <a 'java/lang/NoSuchMethodError'{0x00000000d8ec74f0}: 'int java.lang.invoke.DirectMethodHandle$Holder.invokeStaticInit(java.lang.Object, java.lang.Object, java.lang.Object, java.lang.Object)'> (0x00000000d8ec74f0) thrown at [./src/hotspot/share/interpreter/linkResolver.cpp, line 773]
Event: 3.474 Thread 0x0000025e73595800 Exception <a 'java/lang/IncompatibleClassChangeError'{0x00000000d8ed0628}: Found class java.lang.Object, but interface was expected> (0x00000000d8ed0628) thrown at [./src/hotspot/share/interpreter/linkResolver.cpp, line 839]
Event: 3.475 Thread 0x0000025e73595800 Exception <a 'java/lang/NoSuchMethodError'{0x00000000d8ed37d8}: 'void java.lang.invoke.DirectMethodHandle$Holder.invokeStaticInit(java.lang.Object, java.lang.Object)'> (0x00000000d8ed37d8) thrown at [./src/hotspot/share/interpreter/linkResolver.cpp, line 773]
Event: 3.477 Thread 0x0000025e73595800 Exception <a 'java/lang/NoSuchMethodError'{0x00000000d8ed93a0}: 'int java.lang.invoke.DirectMethodHandle$Holder.invokeStaticInit(java.lang.Object, java.lang.Object)'> (0x00000000d8ed93a0) thrown at [./src/hotspot/share/interpreter/linkResolver.cpp, line 773]
Event: 8.844 Thread 0x0000025e73595800 Exception <a 'java/lang/NoSuchMethodError'{0x00000000d8d615e0}: <clinit>> (0x00000000d8d615e0) thrown at [./src/hotspot/share/prims/jni.cpp, line 1366]
Event: 9.429 Thread 0x0000025e738bc800 Exception <a 'java/lang/NoSuchMethodError'{0x00000000d8c34d40}: <clinit>> (0x00000000d8c34d40) thrown at [./src/hotspot/share/prims/jni.cpp, line 1366]
Event: 9.447 Thread 0x0000025e738bc800 Exception <a 'java/lang/NoSuchMethodError'{0x00000000d8c68708}: <clinit>> (0x00000000d8c68708) thrown at [./src/hotspot/share/prims/jni.cpp, line 1366]
Event: 2336.180 Thread 0x0000025e73595800 Exception <a 'java/lang/NoSuchMethodError'{0x00000000d919bf08}: <clinit>> (0x00000000d919bf08) thrown at [./src/hotspot/share/prims/jni.cpp, line 1366]

Events (20 events):
Event: 92.016 Thread 0x0000025e738bc800 Thread exited: 0x0000025e738bc800
Event: 382.857 Loaded shared library C:\Program Files\JetBrains\GoLand 2021.3.2\jbr\bin\java.dll
Event: 1020.416 Loaded shared library C:\Program Files\JetBrains\GoLand 2021.3.2\jbr\bin\java.dll
Event: 2293.729 Executing VM operation: CollectForMetadataAllocation
Event: 2293.738 Executing VM operation: CollectForMetadataAllocation done
Event: 2293.739 Executing VM operation: RevokeBias
Event: 2293.739 Executing VM operation: RevokeBias done
Event: 2293.739 Executing VM operation: RevokeBias
Event: 2293.739 Executing VM operation: RevokeBias done
Event: 2293.750 Executing VM operation: CGC_Operation
Event: 2293.759 Executing VM operation: CGC_Operation done
Event: 2293.765 Executing VM operation: CGC_Operation
Event: 2293.765 Executing VM operation: CGC_Operation done
Event: 5893.745 Executing VM operation: G1CollectFull
Event: 5893.780 Executing VM operation: G1CollectFull done
Event: 9493.796 Executing VM operation: G1CollectFull
Event: 9493.844 Executing VM operation: G1CollectFull done
Event: 13093.878 Executing VM operation: G1CollectFull
Event: 13093.900 Executing VM operation: G1CollectFull done
Event: 16695.441 Executing VM operation: G1CollectFull


Dynamic libraries:
0x00007ff66f3c0000 - 0x00007ff66f3ca000 	C:\Program Files\JetBrains\GoLand 2021.3.2\jbr\bin\java.exe
0x00007ffbd6450000 - 0x00007ffbd6647000 	C:\WINDOWS\SYSTEM32\ntdll.dll
0x00007ffbd61c0000 - 0x00007ffbd627d000 	C:\WINDOWS\System32\KERNEL32.DLL
0x00007ffbd3e40000 - 0x00007ffbd410d000 	C:\WINDOWS\System32\KERNELBASE.dll
0x00007ffbd3c30000 - 0x00007ffbd3d30000 	C:\WINDOWS\System32\ucrtbase.dll
0x00007ffbc7930000 - 0x00007ffbc7947000 	C:\Program Files\JetBrains\GoLand 2021.3.2\jbr\bin\VCRUNTIME140.dll
0x00007ffbb7120000 - 0x00007ffbb7139000 	C:\Program Files\JetBrains\GoLand 2021.3.2\jbr\bin\jli.dll
0x00007ffbd4fd0000 - 0x00007ffbd5170000 	C:\WINDOWS\System32\USER32.dll
0x00007ffbd3c00000 - 0x00007ffbd3c22000 	C:\WINDOWS\System32\win32u.dll
0x00007ffbd4fa0000 - 0x00007ffbd4fca000 	C:\WINDOWS\System32\GDI32.dll
0x00007ffbd3d30000 - 0x00007ffbd3e3b000 	C:\WINDOWS\System32\gdi32full.dll
0x00007ffbd4410000 - 0x00007ffbd44ad000 	C:\WINDOWS\System32\msvcp_win.dll
0x00007ffbbd8f0000 - 0x00007ffbbdb8a000 	C:\WINDOWS\WinSxS\amd64_microsoft.windows.common-controls_6595b64144ccf1df_6.0.19041.1110_none_60b5254171f9507e\COMCTL32.dll
0x00007ffbd5be0000 - 0x00007ffbd5c7e000 	C:\WINDOWS\System32\msvcrt.dll
0x00007ffbd51d0000 - 0x00007ffbd5200000 	C:\WINDOWS\System32\IMM32.DLL
0x00007ffbb6a30000 - 0x00007ffbb6acd000 	C:\Program Files\JetBrains\GoLand 2021.3.2\jbr\bin\msvcp140.dll
0x00007ffb87210000 - 0x00007ffb87d86000 	C:\Program Files\JetBrains\GoLand 2021.3.2\jbr\bin\server\jvm.dll
0x00007ffbd5cf0000 - 0x00007ffbd5d9e000 	C:\WINDOWS\System32\ADVAPI32.dll
0x00007ffbd5650000 - 0x00007ffbd56ec000 	C:\WINDOWS\System32\sechost.dll
0x00007ffbd4e70000 - 0x00007ffbd4f95000 	C:\WINDOWS\System32\RPCRT4.dll
0x00007ffbd61b0000 - 0x00007ffbd61b8000 	C:\WINDOWS\System32\PSAPI.DLL
0x00007ffbbe040000 - 0x00007ffbbe049000 	C:\WINDOWS\SYSTEM32\WSOCK32.dll
0x00007ffbd46a0000 - 0x00007ffbd470b000 	C:\WINDOWS\System32\WS2_32.dll
0x00007ffbccee0000 - 0x00007ffbccf07000 	C:\WINDOWS\SYSTEM32\WINMM.dll
0x00007ffbce6a0000 - 0x00007ffbce6aa000 	C:\WINDOWS\SYSTEM32\VERSION.dll
0x00007ffbd1a90000 - 0x00007ffbd1aa2000 	C:\WINDOWS\SYSTEM32\kernel.appcore.dll
0x00007ffbb6e20000 - 0x00007ffbb6e31000 	C:\Program Files\JetBrains\GoLand 2021.3.2\jbr\bin\verify.dll
0x00007ffbc3600000 - 0x00007ffbc37e4000 	C:\WINDOWS\SYSTEM32\DBGHELP.DLL
0x00007ffbc35d0000 - 0x00007ffbc35fc000 	C:\WINDOWS\SYSTEM32\dbgcore.DLL
0x00007ffbd3b70000 - 0x00007ffbd3bf2000 	C:\WINDOWS\System32\bcryptPrimitives.dll
0x00007ffbb4520000 - 0x00007ffbb4549000 	C:\Program Files\JetBrains\GoLand 2021.3.2\jbr\bin\java.dll
0x00007ffbbf0a0000 - 0x00007ffbbf0ab000 	C:\Program Files\JetBrains\GoLand 2021.3.2\jbr\bin\jimage.dll
0x00007ffbb48e0000 - 0x00007ffbb48f8000 	C:\Program Files\JetBrains\GoLand 2021.3.2\jbr\bin\zip.dll
0x00007ffbd4720000 - 0x00007ffbd4e64000 	C:\WINDOWS\System32\SHELL32.dll
0x00007ffbd1c90000 - 0x00007ffbd2424000 	C:\WINDOWS\SYSTEM32\windows.storage.dll
0x00007ffbd5e50000 - 0x00007ffbd61a4000 	C:\WINDOWS\System32\combase.dll
0x00007ffbd3500000 - 0x00007ffbd352c000 	C:\WINDOWS\SYSTEM32\Wldp.dll
0x00007ffbd55a0000 - 0x00007ffbd564d000 	C:\WINDOWS\System32\SHCORE.dll
0x00007ffbd63b0000 - 0x00007ffbd6405000 	C:\WINDOWS\System32\shlwapi.dll
0x00007ffbd3ab0000 - 0x00007ffbd3acf000 	C:\WINDOWS\SYSTEM32\profapi.dll
0x00007ffbb2e70000 - 0x00007ffbb2e8a000 	C:\Program Files\JetBrains\GoLand 2021.3.2\jbr\bin\net.dll
0x00007ffbc6dc0000 - 0x00007ffbc6eca000 	C:\WINDOWS\SYSTEM32\WINHTTP.dll
0x00007ffbd3260000 - 0x00007ffbd32ca000 	C:\WINDOWS\system32\mswsock.dll
0x00007ffbb1c70000 - 0x00007ffbb1c84000 	C:\Program Files\JetBrains\GoLand 2021.3.2\jbr\bin\nio.dll
0x00007ffbd3450000 - 0x00007ffbd3468000 	C:\WINDOWS\SYSTEM32\CRYPTSP.dll
0x00007ffbd2be0000 - 0x00007ffbd2c14000 	C:\WINDOWS\system32\rsaenh.dll
0x00007ffbd4160000 - 0x00007ffbd4187000 	C:\WINDOWS\System32\bcrypt.dll
0x00007ffbd3a30000 - 0x00007ffbd3a5e000 	C:\WINDOWS\SYSTEM32\USERENV.dll
0x00007ffbd3470000 - 0x00007ffbd347c000 	C:\WINDOWS\SYSTEM32\CRYPTBASE.dll
0x00007ffbd2f50000 - 0x00007ffbd2f8b000 	C:\WINDOWS\SYSTEM32\IPHLPAPI.DLL
0x00007ffbd5c80000 - 0x00007ffbd5c88000 	C:\WINDOWS\System32\NSI.dll
0x00007ffbcb100000 - 0x00007ffbcb117000 	C:\WINDOWS\SYSTEM32\dhcpcsvc6.DLL
0x00007ffbcb270000 - 0x00007ffbcb28d000 	C:\WINDOWS\SYSTEM32\dhcpcsvc.DLL
0x00007ffbd2f90000 - 0x00007ffbd305b000 	C:\WINDOWS\SYSTEM32\DNSAPI.dll
0x00007ffbc7c50000 - 0x00007ffbc7c58000 	C:\Program Files\JetBrains\GoLand 2021.3.2\jbr\bin\rmi.dll
0x00007ffbc66c0000 - 0x00007ffbc66ca000 	C:\Windows\System32\rasadhlp.dll
0x00007ffbc6ed0000 - 0x00007ffbc6f50000 	C:\WINDOWS\System32\fwpuclnt.dll
0x00007ffbbeda0000 - 0x00007ffbbedaa000 	C:\Program Files\JetBrains\GoLand 2021.3.2\jbr\bin\management.dll
0x00007ffbbd1b0000 - 0x00007ffbbd1bd000 	C:\Program Files\JetBrains\GoLand 2021.3.2\jbr\bin\management_ext.dll
0x00007ffbb3b10000 - 0x00007ffbb3b38000 	C:\Program Files\JetBrains\GoLand 2021.3.2\jbr\bin\sunec.dll

dbghelp: loaded successfully - version: 4.0.5 - missing functions: none
symbol engine: initialized successfully - sym options: 0x614 - pdb path: .;C:\Program Files\JetBrains\GoLand 2021.3.2\jbr\bin;C:\WINDOWS\SYSTEM32;C:\WINDOWS\WinSxS\amd64_microsoft.windows.common-controls_6595b64144ccf1df_6.0.19041.1110_none_60b5254171f9507e;C:\Program Files\JetBrains\GoLand 2021.3.2\jbr\bin\server

VM Arguments:
jvm_args: -Djava.rmi.server.hostname=127.0.0.1 -Duser.timezone=UTC -Xmx750m -Xms128m -Dfile.encoding=UTF-8 
java_command: com.intellij.database.remote.RemoteJdbcServer org.postgresql.Driver
java_class_path (initial): C:\Program Files\JetBrains\GoLand 2021.3.2\lib\util.jar;C:\Program Files\JetBrains\GoLand 2021.3.2\lib\org_codehaus_groovy_groovy.jar;C:\Program Files\JetBrains\GoLand 2021.3.2\plugins\DatabaseTools\lib\jdbc-console.jar;C:\Users\Aziz\AppData\Roaming\JetBrains\GoLand2021.3\jdbc-drivers\PostgreSQL\42.3.3\org\postgresql\postgresql\42.3.3\postgresql-42.3.3.jar;C:\Users\Aziz\AppData\Roaming\JetBrains\GoLand2021.3\jdbc-drivers\PostgreSQL\42.3.3\org\checkerframework\checker-qual\3.5.0\checker-qual-3.5.0.jar;C:\Users\Aziz\AppData\Roaming\JetBrains\GoLand2021.3\jdbc-drivers\PostgreSQL\42.3.3\net\java\dev\jna\jna-platform\5.10.0\jna-platform-5.10.0.jar;C:\Users\Aziz\AppData\Roaming\JetBrains\GoLand2021.3\jdbc-drivers\PostgreSQL\42.3.3\net\java\dev\jna\jna\5.10.0\jna-5.10.0.jar;C:\Users\Aziz\AppData\Roaming\JetBrains\GoLand2021.3\jdbc-drivers\PostgreSQL\42.3.3\com\github\dblock\waffle\waffle-jna\1.8.1\waffle-jna-1.8.1.jar;C:\Users\Aziz\AppData\Roaming\JetBrains\GoLand2021.3\jdbc-drivers\PostgreSQL\42.3.3\net\java\dev\jna\jna\4.2.1\jna-4.2.1.jar;C:\Users\Aziz\AppData\Roaming\JetBrains\GoLand2021.3\jdbc-drivers\PostgreSQL\42.3.3\net\java\dev\jna\jna-platform\4.2.1\jna-platform-4.2.1.jar;C:\Users\Aziz\AppData\Roaming\JetBrains\GoLand2021.3\jdbc-drivers\PostgreSQL\42.3.3\org\slf4j\jcl-over-slf4j\1.7.14\jcl-over-slf4j-1.7.14.jar;C:\Users\Aziz\AppData\Roaming\JetBrains\GoLand2021.3\jdbc-drivers\PostgreSQL\42.3.3\org\slf4j\slf4j-api\1.7.14\slf4j-api-1.7.14.jar;C:\Users\Aziz\AppData\Roaming\JetBrains\GoLand2021.3\jdbc-drivers\PostgreSQL\42.3.3\com\google\guava\guava\19.0\guava-19.0.jar
Launcher Type: SUN_STANDARD

[Global flags]
     intx CICompilerCount                          = 2                                         {product} {ergonomic}
     uint ConcGCThreads                            = 1                                         {product} {ergonomic}
     uint G1ConcRefinementThreads                  = 2                                         {product} {ergonomic}
   size_t G1HeapRegionSize                         = 1048576                                   {product} {ergonomic}
    uintx GCDrainStackTargetSize                   = 64                                        {product} {ergonomic}
   size_t InitialHeapSize                          = 134217728                                 {product} {command line}
   size_t MarkStackSize                            = 4194304                                   {product} {ergonomic}
   size_t MaxHeapSize                              = 786432000                                 {product} {command line}
   size_t MaxNewSize                               = 471859200                                 {product} {ergonomic}
   size_t MinHeapDeltaBytes                        = 1048576                                   {product} {ergonomic}
    uintx NonNMethodCodeHeapSize                   = 5825164                                {pd product} {ergonomic}
    uintx NonProfiledCodeHeapSize                  = 122916538                              {pd product} {ergonomic}
    uintx ProfiledCodeHeapSize                     = 122916538                              {pd product} {ergonomic}
    uintx ReservedCodeCacheSize                    = 251658240                              {pd product} {ergonomic}
     bool SegmentedCodeCache                       = true                                      {product} {ergonomic}
     bool UseCompressedClassPointers               = true                                 {lp64_product} {ergonomic}
     bool UseCompressedOops                        = true                                 {lp64_product} {ergonomic}
     bool UseG1GC                                  = true                                      {product} {ergonomic}
     bool UseLargePagesIndividualAllocation        = false                                  {pd product} {ergonomic}

Logging:
Log output configuration:
 #0: stdout all=warning uptime,level,tags
 #1: stderr all=off uptime,level,tags

Environment Variables:
PATH=C:\WINDOWS\system32;C:\WINDOWS;C:\WINDOWS\System32\Wbem;C:\WINDOWS\System32\WindowsPowerShell\v1.0\;C:\Program Files (x86)\ATI Technologies\ATI.ACE\Core-Static;C:\WINDOWS\System32\OpenSSH\;C:\Program Files (x86)\NVIDIA Corporation\PhysX\Common;C:\WINDOWS\system32;C:\WINDOWS;C:\WINDOWS\System32\Wbem;C:\WINDOWS\System32\WindowsPowerShell\v1.0\;C:\WINDOWS\System32\OpenSSH\;C:\Program Files\Git\cmd;C:\Go\bin;C:\Users\Aziz\AppData\Local\Microsoft\WindowsApps;;C:\Program Files\JetBrains\IntelliJ IDEA 2019.1.3\bin;;C:\Users\Aziz\go\bin;C:\Program Files\JetBrains\GoLand 2021.3.2\bin;
USERNAME=Aziz
OS=Windows_NT
PROCESSOR_IDENTIFIER=AMD64 Family 16 Model 6 Stepping 3, AuthenticAMD



---------------  S Y S T E M  ---------------

OS: Windows 10 , 64 bit Build 19041 (10.0.19041.1741)
OS uptime: 0 days 13:47 hours

CPU:total 2 (initial active 2) (2 cores per cpu, 1 threads per core) family 16 model 6 stepping 3 microcode 0x0, cmov, cx8, fxsr, mmx, sse, sse2, sse3, popcnt, mmxext, 3dnowpref, lzcnt, sse4a, tsc, tscinvbit, tscinv

Memory: 4k page, system-wide physical 8105M (1277M free)
TotalPageFile size 11938M (AvailPageFile size 4M)
current process WorkingSet (physical memory assigned to process): 36M, peak: 103M
current process commit charge ("private bytes"): 217M, peak: 253M

vm_info: OpenJDK 64-Bit Server VM (11.0.13+7-b1751.21) for windows-amd64 JRE (11.0.13+7-b1751.21), built on Nov 30 2021 02:32:50 by "" with MS VC++ 14.0 (VS2015)

END.
