#
# There is insufficient memory for the Java Runtime Environment to continue.
# Native memory allocation (malloc) failed to allocate 32744 bytes for ChunkPool::allocate
# Possible reasons:
#   The system is out of physical RAM or swap space
#   The process is running with CompressedOops enabled, and the Java Heap may be blocking the growth of the native heap
# Possible solutions:
#   Reduce memory load on the system
#   Increase physical memory or swap space
#   Check if swap backing store is full
#   Decrease Java heap size (-Xmx/-Xms)
#   Decrease number of Java threads
#   Decrease Java thread stack sizes (-Xss)
#   Set larger code cache with -XX:ReservedCodeCacheSize=
#   JVM is running with Unscaled Compressed Oops mode in which the Java heap is
#     placed in the first 4GB address space. The Java Heap base address is the
#     maximum limit for the native heap growth. Please use -XX:HeapBaseMinAddress
#     to set the Java Heap base and to place the Java Heap above 4GB virtual address.
# This output file may be truncated or incomplete.
#
#  Out of Memory Error (./src/hotspot/share/memory/arena.cpp:81), pid=7968, tid=12780
#
# JRE version: OpenJDK Runtime Environment JBR-11.0.13.7-1751.21-jcef (11.0.13+7) (build 11.0.13+7-b1751.21)
# Java VM: OpenJDK 64-Bit Server VM JBR-11.0.13.7-1751.21-jcef (11.0.13+7-b1751.21, mixed mode, tiered, compressed oops, g1 gc, windows-amd64)
# No core dump will be written. Minidumps are not enabled by default on client versions of Windows
#

---------------  S U M M A R Y ------------

Command Line: -Djava.rmi.server.hostname=127.0.0.1 -Duser.timezone=UTC -Xmx750m -Xms128m -Dfile.encoding=UTF-8 com.intellij.database.remote.RemoteJdbcServer org.postgresql.Driver

Host: AMD Athlon(tm) II X2 220 Processor, 2 cores, 7G,  Windows 10 , 64 bit Build 19041 (10.0.19041.1706)
Time: Fri May 20 13:56:01 2022 Пакистан (зима) elapsed time: 0.417422 seconds (0d 0h 0m 0s)

---------------  T H R E A D  ---------------

Current thread (0x00000189a95b6000):  JavaThread "C1 CompilerThread0" daemon [_thread_in_native, id=12780, stack(0x0000003524300000,0x0000003524400000)]


Current CompileTask:
C1:    417  261       3       jdk.internal.org.objectweb.asm.Frame::execute (2264 bytes)

Stack: [0x0000003524300000,0x0000003524400000]
Native frames: (J=compiled Java code, j=interpreted, Vv=VM code, C=native code)
V  [jvm.dll+0x613daa]
V  [jvm.dll+0x799b30]
V  [jvm.dll+0x79b14d]
V  [jvm.dll+0x79b823]
V  [jvm.dll+0x24c958]
V  [jvm.dll+0xc175b]
V  [jvm.dll+0xc1a0c]
V  [jvm.dll+0x113cd6]
V  [jvm.dll+0x17026d]
V  [jvm.dll+0x171346]
V  [jvm.dll+0x12af6c]
V  [jvm.dll+0x12aa79]
V  [jvm.dll+0x12abe3]
V  [jvm.dll+0x129ef7]
V  [jvm.dll+0x12bac7]
V  [jvm.dll+0x212c3b]
V  [jvm.dll+0x211491]
V  [jvm.dll+0x760b9f]
V  [jvm.dll+0x759755]
V  [jvm.dll+0x612a16]
C  [ucrtbase.dll+0x21bb2]
C  [KERNEL32.DLL+0x17034]
C  [ntdll.dll+0x52651]


---------------  P R O C E S S  ---------------

Threads class SMR info:
_java_thread_list=0x00000189aa05a6e0, length=10, elements={
0x0000018992589800, 0x00000189a958b000, 0x00000189a958f000, 0x00000189a9f53000,
0x00000189a95ac000, 0x00000189a95ad000, 0x00000189a95ae800, 0x00000189a95b6000,
0x00000189a95c2800, 0x00000189aa06f000
}

Java Threads: ( => current thread )
  0x0000018992589800 JavaThread "main" [_thread_in_vm, id=12576, stack(0x0000003523600000,0x0000003523700000)]
  0x00000189a958b000 JavaThread "Reference Handler" daemon [_thread_blocked, id=12752, stack(0x0000003523d00000,0x0000003523e00000)]
  0x00000189a958f000 JavaThread "Finalizer" daemon [_thread_blocked, id=10016, stack(0x0000003523e00000,0x0000003523f00000)]
  0x00000189a9f53000 JavaThread "Signal Dispatcher" daemon [_thread_blocked, id=10180, stack(0x0000003523f00000,0x0000003524000000)]
  0x00000189a95ac000 JavaThread "Attach Listener" daemon [_thread_blocked, id=12876, stack(0x0000003524000000,0x0000003524100000)]
  0x00000189a95ad000 JavaThread "Service Thread" daemon [_thread_blocked, id=13284, stack(0x0000003524100000,0x0000003524200000)]
  0x00000189a95ae800 JavaThread "C2 CompilerThread0" daemon [_thread_blocked, id=2688, stack(0x0000003524200000,0x0000003524300000)]
=>0x00000189a95b6000 JavaThread "C1 CompilerThread0" daemon [_thread_in_native, id=12780, stack(0x0000003524300000,0x0000003524400000)]
  0x00000189a95c2800 JavaThread "Sweeper thread" daemon [_thread_blocked, id=1640, stack(0x0000003524400000,0x0000003524500000)]
  0x00000189aa06f000 JavaThread "Common-Cleaner" daemon [_thread_blocked, id=12864, stack(0x0000003524600000,0x0000003524700000)]

Other Threads:
  0x00000189a9567000 VMThread "VM Thread" [stack: 0x0000003523c00000,0x0000003523d00000] [id=12772]
  0x00000189aa06b000 WatcherThread [stack: 0x0000003524500000,0x0000003524600000] [id=13212]
  0x00000189925a0800 GCTaskThread "GC Thread#0" [stack: 0x0000003523700000,0x0000003523800000] [id=4108]
  0x00000189925b7800 ConcurrentGCThread "G1 Main Marker" [stack: 0x0000003523800000,0x0000003523900000] [id=3844]
  0x00000189925bb000 ConcurrentGCThread "G1 Conc#0" [stack: 0x0000003523900000,0x0000003523a00000] [id=10992]
  0x000001899263f800 ConcurrentGCThread "G1 Refine#0" [stack: 0x0000003523a00000,0x0000003523b00000] [id=1280]
  0x0000018992642000 ConcurrentGCThread "G1 Young RemSet Sampling" [stack: 0x0000003523b00000,0x0000003523c00000] [id=12668]

Threads with active compile tasks:
C1 CompilerThread0    466  261       3       jdk.internal.org.objectweb.asm.Frame::execute (2264 bytes)

VM state:not at safepoint (normal execution)

VM Mutex/Monitor currently owned by a thread: None

Heap address: 0x00000000d1200000, size: 750 MB, Compressed Oops mode: 32-bit
Narrow klass base: 0x0000000000000000, Narrow klass shift: 3
Compressed class space size: 1073741824 Address: 0x0000000100000000

Heap:
 garbage-first heap   total 131072K, used 2048K [0x00000000d1200000, 0x0000000100000000)
  region size 1024K, 3 young (3072K), 0 survivors (0K)
 Metaspace       used 6716K, capacity 6933K, committed 7168K, reserved 1056768K
  class space    used 583K, capacity 647K, committed 768K, reserved 1048576K
Heap Regions: E=young(eden), S=young(survivor), O=old, HS=humongous(starts), HC=humongous(continues), CS=collection set, F=free, A=archive, TAMS=top-at-mark-start (previous, next)
|   0|0x00000000d1200000, 0x00000000d1200000, 0x00000000d1300000|  0%| F|  |TAMS 0x00000000d1200000, 0x00000000d1200000| Untracked 
|   1|0x00000000d1300000, 0x00000000d1300000, 0x00000000d1400000|  0%| F|  |TAMS 0x00000000d1300000, 0x00000000d1300000| Untracked 
|   2|0x00000000d1400000, 0x00000000d1400000, 0x00000000d1500000|  0%| F|  |TAMS 0x00000000d1400000, 0x00000000d1400000| Untracked 
|   3|0x00000000d1500000, 0x00000000d1500000, 0x00000000d1600000|  0%| F|  |TAMS 0x00000000d1500000, 0x00000000d1500000| Untracked 
|   4|0x00000000d1600000, 0x00000000d1600000, 0x00000000d1700000|  0%| F|  |TAMS 0x00000000d1600000, 0x00000000d1600000| Untracked 
|   5|0x00000000d1700000, 0x00000000d1700000, 0x00000000d1800000|  0%| F|  |TAMS 0x00000000d1700000, 0x00000000d1700000| Untracked 
|   6|0x00000000d1800000, 0x00000000d1800000, 0x00000000d1900000|  0%| F|  |TAMS 0x00000000d1800000, 0x00000000d1800000| Untracked 
|   7|0x00000000d1900000, 0x00000000d1900000, 0x00000000d1a00000|  0%| F|  |TAMS 0x00000000d1900000, 0x00000000d1900000| Untracked 
|   8|0x00000000d1a00000, 0x00000000d1a00000, 0x00000000d1b00000|  0%| F|  |TAMS 0x00000000d1a00000, 0x00000000d1a00000| Untracked 
|   9|0x00000000d1b00000, 0x00000000d1b00000, 0x00000000d1c00000|  0%| F|  |TAMS 0x00000000d1b00000, 0x00000000d1b00000| Untracked 
|  10|0x00000000d1c00000, 0x00000000d1c00000, 0x00000000d1d00000|  0%| F|  |TAMS 0x00000000d1c00000, 0x00000000d1c00000| Untracked 
|  11|0x00000000d1d00000, 0x00000000d1d00000, 0x00000000d1e00000|  0%| F|  |TAMS 0x00000000d1d00000, 0x00000000d1d00000| Untracked 
|  12|0x00000000d1e00000, 0x00000000d1e00000, 0x00000000d1f00000|  0%| F|  |TAMS 0x00000000d1e00000, 0x00000000d1e00000| Untracked 
|  13|0x00000000d1f00000, 0x00000000d1f00000, 0x00000000d2000000|  0%| F|  |TAMS 0x00000000d1f00000, 0x00000000d1f00000| Untracked 
|  14|0x00000000d2000000, 0x00000000d2000000, 0x00000000d2100000|  0%| F|  |TAMS 0x00000000d2000000, 0x00000000d2000000| Untracked 
|  15|0x00000000d2100000, 0x00000000d2100000, 0x00000000d2200000|  0%| F|  |TAMS 0x00000000d2100000, 0x00000000d2100000| Untracked 
|  16|0x00000000d2200000, 0x00000000d2200000, 0x00000000d2300000|  0%| F|  |TAMS 0x00000000d2200000, 0x00000000d2200000| Untracked 
|  17|0x00000000d2300000, 0x00000000d2300000, 0x00000000d2400000|  0%| F|  |TAMS 0x00000000d2300000, 0x00000000d2300000| Untracked 
|  18|0x00000000d2400000, 0x00000000d2400000, 0x00000000d2500000|  0%| F|  |TAMS 0x00000000d2400000, 0x00000000d2400000| Untracked 
|  19|0x00000000d2500000, 0x00000000d2500000, 0x00000000d2600000|  0%| F|  |TAMS 0x00000000d2500000, 0x00000000d2500000| Untracked 
|  20|0x00000000d2600000, 0x00000000d2600000, 0x00000000d2700000|  0%| F|  |TAMS 0x00000000d2600000, 0x00000000d2600000| Untracked 
|  21|0x00000000d2700000, 0x00000000d2700000, 0x00000000d2800000|  0%| F|  |TAMS 0x00000000d2700000, 0x00000000d2700000| Untracked 
|  22|0x00000000d2800000, 0x00000000d2800000, 0x00000000d2900000|  0%| F|  |TAMS 0x00000000d2800000, 0x00000000d2800000| Untracked 
|  23|0x00000000d2900000, 0x00000000d2900000, 0x00000000d2a00000|  0%| F|  |TAMS 0x00000000d2900000, 0x00000000d2900000| Untracked 
|  24|0x00000000d2a00000, 0x00000000d2a00000, 0x00000000d2b00000|  0%| F|  |TAMS 0x00000000d2a00000, 0x00000000d2a00000| Untracked 
|  25|0x00000000d2b00000, 0x00000000d2b00000, 0x00000000d2c00000|  0%| F|  |TAMS 0x00000000d2b00000, 0x00000000d2b00000| Untracked 
|  26|0x00000000d2c00000, 0x00000000d2c00000, 0x00000000d2d00000|  0%| F|  |TAMS 0x00000000d2c00000, 0x00000000d2c00000| Untracked 
|  27|0x00000000d2d00000, 0x00000000d2d00000, 0x00000000d2e00000|  0%| F|  |TAMS 0x00000000d2d00000, 0x00000000d2d00000| Untracked 
|  28|0x00000000d2e00000, 0x00000000d2e00000, 0x00000000d2f00000|  0%| F|  |TAMS 0x00000000d2e00000, 0x00000000d2e00000| Untracked 
|  29|0x00000000d2f00000, 0x00000000d2f00000, 0x00000000d3000000|  0%| F|  |TAMS 0x00000000d2f00000, 0x00000000d2f00000| Untracked 
|  30|0x00000000d3000000, 0x00000000d3000000, 0x00000000d3100000|  0%| F|  |TAMS 0x00000000d3000000, 0x00000000d3000000| Untracked 
|  31|0x00000000d3100000, 0x00000000d3100000, 0x00000000d3200000|  0%| F|  |TAMS 0x00000000d3100000, 0x00000000d3100000| Untracked 
|  32|0x00000000d3200000, 0x00000000d3200000, 0x00000000d3300000|  0%| F|  |TAMS 0x00000000d3200000, 0x00000000d3200000| Untracked 
|  33|0x00000000d3300000, 0x00000000d3300000, 0x00000000d3400000|  0%| F|  |TAMS 0x00000000d3300000, 0x00000000d3300000| Untracked 
|  34|0x00000000d3400000, 0x00000000d3400000, 0x00000000d3500000|  0%| F|  |TAMS 0x00000000d3400000, 0x00000000d3400000| Untracked 
|  35|0x00000000d3500000, 0x00000000d3500000, 0x00000000d3600000|  0%| F|  |TAMS 0x00000000d3500000, 0x00000000d3500000| Untracked 
|  36|0x00000000d3600000, 0x00000000d3600000, 0x00000000d3700000|  0%| F|  |TAMS 0x00000000d3600000, 0x00000000d3600000| Untracked 
|  37|0x00000000d3700000, 0x00000000d3700000, 0x00000000d3800000|  0%| F|  |TAMS 0x00000000d3700000, 0x00000000d3700000| Untracked 
|  38|0x00000000d3800000, 0x00000000d3800000, 0x00000000d3900000|  0%| F|  |TAMS 0x00000000d3800000, 0x00000000d3800000| Untracked 
|  39|0x00000000d3900000, 0x00000000d3900000, 0x00000000d3a00000|  0%| F|  |TAMS 0x00000000d3900000, 0x00000000d3900000| Untracked 
|  40|0x00000000d3a00000, 0x00000000d3a00000, 0x00000000d3b00000|  0%| F|  |TAMS 0x00000000d3a00000, 0x00000000d3a00000| Untracked 
|  41|0x00000000d3b00000, 0x00000000d3b00000, 0x00000000d3c00000|  0%| F|  |TAMS 0x00000000d3b00000, 0x00000000d3b00000| Untracked 
|  42|0x00000000d3c00000, 0x00000000d3c00000, 0x00000000d3d00000|  0%| F|  |TAMS 0x00000000d3c00000, 0x00000000d3c00000| Untracked 
|  43|0x00000000d3d00000, 0x00000000d3d00000, 0x00000000d3e00000|  0%| F|  |TAMS 0x00000000d3d00000, 0x00000000d3d00000| Untracked 
|  44|0x00000000d3e00000, 0x00000000d3e00000, 0x00000000d3f00000|  0%| F|  |TAMS 0x00000000d3e00000, 0x00000000d3e00000| Untracked 
|  45|0x00000000d3f00000, 0x00000000d3f00000, 0x00000000d4000000|  0%| F|  |TAMS 0x00000000d3f00000, 0x00000000d3f00000| Untracked 
|  46|0x00000000d4000000, 0x00000000d4000000, 0x00000000d4100000|  0%| F|  |TAMS 0x00000000d4000000, 0x00000000d4000000| Untracked 
|  47|0x00000000d4100000, 0x00000000d4100000, 0x00000000d4200000|  0%| F|  |TAMS 0x00000000d4100000, 0x00000000d4100000| Untracked 
|  48|0x00000000d4200000, 0x00000000d4200000, 0x00000000d4300000|  0%| F|  |TAMS 0x00000000d4200000, 0x00000000d4200000| Untracked 
|  49|0x00000000d4300000, 0x00000000d4300000, 0x00000000d4400000|  0%| F|  |TAMS 0x00000000d4300000, 0x00000000d4300000| Untracked 
|  50|0x00000000d4400000, 0x00000000d4400000, 0x00000000d4500000|  0%| F|  |TAMS 0x00000000d4400000, 0x00000000d4400000| Untracked 
|  51|0x00000000d4500000, 0x00000000d4500000, 0x00000000d4600000|  0%| F|  |TAMS 0x00000000d4500000, 0x00000000d4500000| Untracked 
|  52|0x00000000d4600000, 0x00000000d4600000, 0x00000000d4700000|  0%| F|  |TAMS 0x00000000d4600000, 0x00000000d4600000| Untracked 
|  53|0x00000000d4700000, 0x00000000d4700000, 0x00000000d4800000|  0%| F|  |TAMS 0x00000000d4700000, 0x00000000d4700000| Untracked 
|  54|0x00000000d4800000, 0x00000000d4800000, 0x00000000d4900000|  0%| F|  |TAMS 0x00000000d4800000, 0x00000000d4800000| Untracked 
|  55|0x00000000d4900000, 0x00000000d4900000, 0x00000000d4a00000|  0%| F|  |TAMS 0x00000000d4900000, 0x00000000d4900000| Untracked 
|  56|0x00000000d4a00000, 0x00000000d4a00000, 0x00000000d4b00000|  0%| F|  |TAMS 0x00000000d4a00000, 0x00000000d4a00000| Untracked 
|  57|0x00000000d4b00000, 0x00000000d4b00000, 0x00000000d4c00000|  0%| F|  |TAMS 0x00000000d4b00000, 0x00000000d4b00000| Untracked 
|  58|0x00000000d4c00000, 0x00000000d4c00000, 0x00000000d4d00000|  0%| F|  |TAMS 0x00000000d4c00000, 0x00000000d4c00000| Untracked 
|  59|0x00000000d4d00000, 0x00000000d4d00000, 0x00000000d4e00000|  0%| F|  |TAMS 0x00000000d4d00000, 0x00000000d4d00000| Untracked 
|  60|0x00000000d4e00000, 0x00000000d4e00000, 0x00000000d4f00000|  0%| F|  |TAMS 0x00000000d4e00000, 0x00000000d4e00000| Untracked 
|  61|0x00000000d4f00000, 0x00000000d4f00000, 0x00000000d5000000|  0%| F|  |TAMS 0x00000000d4f00000, 0x00000000d4f00000| Untracked 
|  62|0x00000000d5000000, 0x00000000d5000000, 0x00000000d5100000|  0%| F|  |TAMS 0x00000000d5000000, 0x00000000d5000000| Untracked 
|  63|0x00000000d5100000, 0x00000000d5100000, 0x00000000d5200000|  0%| F|  |TAMS 0x00000000d5100000, 0x00000000d5100000| Untracked 
|  64|0x00000000d5200000, 0x00000000d5200000, 0x00000000d5300000|  0%| F|  |TAMS 0x00000000d5200000, 0x00000000d5200000| Untracked 
|  65|0x00000000d5300000, 0x00000000d5300000, 0x00000000d5400000|  0%| F|  |TAMS 0x00000000d5300000, 0x00000000d5300000| Untracked 
|  66|0x00000000d5400000, 0x00000000d5400000, 0x00000000d5500000|  0%| F|  |TAMS 0x00000000d5400000, 0x00000000d5400000| Untracked 
|  67|0x00000000d5500000, 0x00000000d5500000, 0x00000000d5600000|  0%| F|  |TAMS 0x00000000d5500000, 0x00000000d5500000| Untracked 
|  68|0x00000000d5600000, 0x00000000d5600000, 0x00000000d5700000|  0%| F|  |TAMS 0x00000000d5600000, 0x00000000d5600000| Untracked 
|  69|0x00000000d5700000, 0x00000000d5700000, 0x00000000d5800000|  0%| F|  |TAMS 0x00000000d5700000, 0x00000000d5700000| Untracked 
|  70|0x00000000d5800000, 0x00000000d5800000, 0x00000000d5900000|  0%| F|  |TAMS 0x00000000d5800000, 0x00000000d5800000| Untracked 
|  71|0x00000000d5900000, 0x00000000d5900000, 0x00000000d5a00000|  0%| F|  |TAMS 0x00000000d5900000, 0x00000000d5900000| Untracked 
|  72|0x00000000d5a00000, 0x00000000d5a00000, 0x00000000d5b00000|  0%| F|  |TAMS 0x00000000d5a00000, 0x00000000d5a00000| Untracked 
|  73|0x00000000d5b00000, 0x00000000d5b00000, 0x00000000d5c00000|  0%| F|  |TAMS 0x00000000d5b00000, 0x00000000d5b00000| Untracked 
|  74|0x00000000d5c00000, 0x00000000d5c00000, 0x00000000d5d00000|  0%| F|  |TAMS 0x00000000d5c00000, 0x00000000d5c00000| Untracked 
|  75|0x00000000d5d00000, 0x00000000d5d00000, 0x00000000d5e00000|  0%| F|  |TAMS 0x00000000d5d00000, 0x00000000d5d00000| Untracked 
|  76|0x00000000d5e00000, 0x00000000d5e00000, 0x00000000d5f00000|  0%| F|  |TAMS 0x00000000d5e00000, 0x00000000d5e00000| Untracked 
|  77|0x00000000d5f00000, 0x00000000d5f00000, 0x00000000d6000000|  0%| F|  |TAMS 0x00000000d5f00000, 0x00000000d5f00000| Untracked 
|  78|0x00000000d6000000, 0x00000000d6000000, 0x00000000d6100000|  0%| F|  |TAMS 0x00000000d6000000, 0x00000000d6000000| Untracked 
|  79|0x00000000d6100000, 0x00000000d6100000, 0x00000000d6200000|  0%| F|  |TAMS 0x00000000d6100000, 0x00000000d6100000| Untracked 
|  80|0x00000000d6200000, 0x00000000d6200000, 0x00000000d6300000|  0%| F|  |TAMS 0x00000000d6200000, 0x00000000d6200000| Untracked 
|  81|0x00000000d6300000, 0x00000000d6300000, 0x00000000d6400000|  0%| F|  |TAMS 0x00000000d6300000, 0x00000000d6300000| Untracked 
|  82|0x00000000d6400000, 0x00000000d6400000, 0x00000000d6500000|  0%| F|  |TAMS 0x00000000d6400000, 0x00000000d6400000| Untracked 
|  83|0x00000000d6500000, 0x00000000d6500000, 0x00000000d6600000|  0%| F|  |TAMS 0x00000000d6500000, 0x00000000d6500000| Untracked 
|  84|0x00000000d6600000, 0x00000000d6600000, 0x00000000d6700000|  0%| F|  |TAMS 0x00000000d6600000, 0x00000000d6600000| Untracked 
|  85|0x00000000d6700000, 0x00000000d6700000, 0x00000000d6800000|  0%| F|  |TAMS 0x00000000d6700000, 0x00000000d6700000| Untracked 
|  86|0x00000000d6800000, 0x00000000d6800000, 0x00000000d6900000|  0%| F|  |TAMS 0x00000000d6800000, 0x00000000d6800000| Untracked 
|  87|0x00000000d6900000, 0x00000000d6900000, 0x00000000d6a00000|  0%| F|  |TAMS 0x00000000d6900000, 0x00000000d6900000| Untracked 
|  88|0x00000000d6a00000, 0x00000000d6a00000, 0x00000000d6b00000|  0%| F|  |TAMS 0x00000000d6a00000, 0x00000000d6a00000| Untracked 
|  89|0x00000000d6b00000, 0x00000000d6b00000, 0x00000000d6c00000|  0%| F|  |TAMS 0x00000000d6b00000, 0x00000000d6b00000| Untracked 
|  90|0x00000000d6c00000, 0x00000000d6c00000, 0x00000000d6d00000|  0%| F|  |TAMS 0x00000000d6c00000, 0x00000000d6c00000| Untracked 
|  91|0x00000000d6d00000, 0x00000000d6d00000, 0x00000000d6e00000|  0%| F|  |TAMS 0x00000000d6d00000, 0x00000000d6d00000| Untracked 
|  92|0x00000000d6e00000, 0x00000000d6e00000, 0x00000000d6f00000|  0%| F|  |TAMS 0x00000000d6e00000, 0x00000000d6e00000| Untracked 
|  93|0x00000000d6f00000, 0x00000000d6f00000, 0x00000000d7000000|  0%| F|  |TAMS 0x00000000d6f00000, 0x00000000d6f00000| Untracked 
|  94|0x00000000d7000000, 0x00000000d7000000, 0x00000000d7100000|  0%| F|  |TAMS 0x00000000d7000000, 0x00000000d7000000| Untracked 
|  95|0x00000000d7100000, 0x00000000d7100000, 0x00000000d7200000|  0%| F|  |TAMS 0x00000000d7100000, 0x00000000d7100000| Untracked 
|  96|0x00000000d7200000, 0x00000000d7200000, 0x00000000d7300000|  0%| F|  |TAMS 0x00000000d7200000, 0x00000000d7200000| Untracked 
|  97|0x00000000d7300000, 0x00000000d7300000, 0x00000000d7400000|  0%| F|  |TAMS 0x00000000d7300000, 0x00000000d7300000| Untracked 
|  98|0x00000000d7400000, 0x00000000d7400000, 0x00000000d7500000|  0%| F|  |TAMS 0x00000000d7400000, 0x00000000d7400000| Untracked 
|  99|0x00000000d7500000, 0x00000000d7500000, 0x00000000d7600000|  0%| F|  |TAMS 0x00000000d7500000, 0x00000000d7500000| Untracked 
| 100|0x00000000d7600000, 0x00000000d7600000, 0x00000000d7700000|  0%| F|  |TAMS 0x00000000d7600000, 0x00000000d7600000| Untracked 
| 101|0x00000000d7700000, 0x00000000d7700000, 0x00000000d7800000|  0%| F|  |TAMS 0x00000000d7700000, 0x00000000d7700000| Untracked 
| 102|0x00000000d7800000, 0x00000000d7800000, 0x00000000d7900000|  0%| F|  |TAMS 0x00000000d7800000, 0x00000000d7800000| Untracked 
| 103|0x00000000d7900000, 0x00000000d7900000, 0x00000000d7a00000|  0%| F|  |TAMS 0x00000000d7900000, 0x00000000d7900000| Untracked 
| 104|0x00000000d7a00000, 0x00000000d7a00000, 0x00000000d7b00000|  0%| F|  |TAMS 0x00000000d7a00000, 0x00000000d7a00000| Untracked 
| 105|0x00000000d7b00000, 0x00000000d7b00000, 0x00000000d7c00000|  0%| F|  |TAMS 0x00000000d7b00000, 0x00000000d7b00000| Untracked 
| 106|0x00000000d7c00000, 0x00000000d7c00000, 0x00000000d7d00000|  0%| F|  |TAMS 0x00000000d7c00000, 0x00000000d7c00000| Untracked 
| 107|0x00000000d7d00000, 0x00000000d7d00000, 0x00000000d7e00000|  0%| F|  |TAMS 0x00000000d7d00000, 0x00000000d7d00000| Untracked 
| 108|0x00000000d7e00000, 0x00000000d7e00000, 0x00000000d7f00000|  0%| F|  |TAMS 0x00000000d7e00000, 0x00000000d7e00000| Untracked 
| 109|0x00000000d7f00000, 0x00000000d7f00000, 0x00000000d8000000|  0%| F|  |TAMS 0x00000000d7f00000, 0x00000000d7f00000| Untracked 
| 110|0x00000000d8000000, 0x00000000d8000000, 0x00000000d8100000|  0%| F|  |TAMS 0x00000000d8000000, 0x00000000d8000000| Untracked 
| 111|0x00000000d8100000, 0x00000000d8100000, 0x00000000d8200000|  0%| F|  |TAMS 0x00000000d8100000, 0x00000000d8100000| Untracked 
| 112|0x00000000d8200000, 0x00000000d8200000, 0x00000000d8300000|  0%| F|  |TAMS 0x00000000d8200000, 0x00000000d8200000| Untracked 
| 113|0x00000000d8300000, 0x00000000d8300000, 0x00000000d8400000|  0%| F|  |TAMS 0x00000000d8300000, 0x00000000d8300000| Untracked 
| 114|0x00000000d8400000, 0x00000000d8400000, 0x00000000d8500000|  0%| F|  |TAMS 0x00000000d8400000, 0x00000000d8400000| Untracked 
| 115|0x00000000d8500000, 0x00000000d8500000, 0x00000000d8600000|  0%| F|  |TAMS 0x00000000d8500000, 0x00000000d8500000| Untracked 
| 116|0x00000000d8600000, 0x00000000d8600000, 0x00000000d8700000|  0%| F|  |TAMS 0x00000000d8600000, 0x00000000d8600000| Untracked 
| 117|0x00000000d8700000, 0x00000000d8700000, 0x00000000d8800000|  0%| F|  |TAMS 0x00000000d8700000, 0x00000000d8700000| Untracked 
| 118|0x00000000d8800000, 0x00000000d8800000, 0x00000000d8900000|  0%| F|  |TAMS 0x00000000d8800000, 0x00000000d8800000| Untracked 
| 119|0x00000000d8900000, 0x00000000d8900000, 0x00000000d8a00000|  0%| F|  |TAMS 0x00000000d8900000, 0x00000000d8900000| Untracked 
| 120|0x00000000d8a00000, 0x00000000d8a00000, 0x00000000d8b00000|  0%| F|  |TAMS 0x00000000d8a00000, 0x00000000d8a00000| Untracked 
| 121|0x00000000d8b00000, 0x00000000d8b00000, 0x00000000d8c00000|  0%| F|  |TAMS 0x00000000d8b00000, 0x00000000d8b00000| Untracked 
| 122|0x00000000d8c00000, 0x00000000d8c00000, 0x00000000d8d00000|  0%| F|  |TAMS 0x00000000d8c00000, 0x00000000d8c00000| Untracked 
| 123|0x00000000d8d00000, 0x00000000d8d00000, 0x00000000d8e00000|  0%| F|  |TAMS 0x00000000d8d00000, 0x00000000d8d00000| Untracked 
| 124|0x00000000d8e00000, 0x00000000d8e00000, 0x00000000d8f00000|  0%| F|  |TAMS 0x00000000d8e00000, 0x00000000d8e00000| Untracked 
| 125|0x00000000d8f00000, 0x00000000d9000000, 0x00000000d9000000|100%| E|  |TAMS 0x00000000d8f00000, 0x00000000d8f00000| Complete 
| 126|0x00000000d9000000, 0x00000000d9100000, 0x00000000d9100000|100%| E|CS|TAMS 0x00000000d9000000, 0x00000000d9000000| Complete 
| 127|0x00000000d9100000, 0x00000000d9200000, 0x00000000d9200000|100%| E|CS|TAMS 0x00000000d9100000, 0x00000000d9100000| Complete 

Card table byte_map: [0x00000189a5760000,0x00000189a58e0000] _byte_map_base: 0x00000189a50d7000

Marking Bits (Prev, Next): (CMBitMap*) 0x00000189925b3f58, (CMBitMap*) 0x00000189925b3f90
 Prev Bits: [0x00000189a5a60000, 0x00000189a6618000)
 Next Bits: [0x00000189a6620000, 0x00000189a71d8000)

Polling page: 0x0000018990ad0000

Metaspace:

Usage:
  Non-class:      6.14 MB capacity,     5.99 MB ( 98%) used,   148.21 KB (  2%) free+waste,     4.75 KB ( <1%) overhead. 
      Class:    647.00 KB capacity,   583.01 KB ( 90%) used,    61.68 KB ( 10%) free+waste,     2.31 KB ( <1%) overhead. 
       Both:      6.77 MB capacity,     6.56 MB ( 97%) used,   209.89 KB (  3%) free+waste,     7.06 KB ( <1%) overhead. 

Virtual space:
  Non-class space:        8.00 MB reserved,       6.25 MB ( 78%) committed 
      Class space:        1.00 GB reserved,     768.00 KB ( <1%) committed 
             Both:        1.01 GB reserved,       7.00 MB ( <1%) committed 

Chunk freelists:
   Non-Class:  50.00 KB
       Class:  25.00 KB
        Both:  75.00 KB

MaxMetaspaceSize: 17179869184.00 GB
CompressedClassSpaceSize: 1.00 GB
Initial GC threshold: 20.80 MB
Current GC threshold: 20.80 MB
CDS: off

CodeHeap 'non-profiled nmethods': size=120064Kb used=85Kb max_used=85Kb free=119978Kb
 bounds [0x000001899dca0000, 0x000001899df10000, 0x00000189a51e0000]
CodeHeap 'profiled nmethods': size=120000Kb used=310Kb max_used=310Kb free=119689Kb
 bounds [0x0000018996770000, 0x00000189969e0000, 0x000001899dca0000]
CodeHeap 'non-nmethods': size=5696Kb used=1098Kb max_used=1109Kb free=4597Kb
 bounds [0x00000189961e0000, 0x0000018996450000, 0x0000018996770000]
 total_blobs=614 nmethods=268 adapters=260
 compilation: enabled
              stopped_count=0, restarted_count=0
 full_count=0

Compilation events (20 events):
Event: 0.403 Thread 0x00000189a95b6000 nmethod 247 0x000001899dcb3690 code [0x000001899dcb3840, 0x000001899dcb38f8]
Event: 0.403 Thread 0x00000189a95b6000  253       3       java.lang.StringBuilder::toString (35 bytes)
Event: 0.404 Thread 0x00000189a95b6000 nmethod 253 0x00000189967b9690 code [0x00000189967b9880, 0x00000189967b9d18]
Event: 0.404 Thread 0x00000189a95b6000  255       3       java.util.ImmutableCollections$ListN::get (7 bytes)
Event: 0.404 Thread 0x00000189a95b6000 nmethod 255 0x00000189967b9e90 code [0x00000189967ba040, 0x00000189967ba178]
Event: 0.404 Thread 0x00000189a95b6000  256       3       java.lang.invoke.LambdaForm$NamedFunction::methodType (23 bytes)
Event: 0.404 Thread 0x00000189a95b6000 nmethod 256 0x00000189967ba210 code [0x00000189967ba3e0, 0x00000189967ba608]
Event: 0.405 Thread 0x00000189a95b6000  259       3       java.lang.invoke.LambdaForm$Name::useCount (42 bytes)
Event: 0.405 Thread 0x00000189a95b6000 nmethod 259 0x00000189967ba710 code [0x00000189967ba8e0, 0x00000189967babd8]
Event: 0.405 Thread 0x00000189a95b6000  260       3       jdk.internal.org.objectweb.asm.MethodWriter::visitVarInsn (300 bytes)
Event: 0.407 Thread 0x00000189a95b6000 nmethod 260 0x00000189967bad10 code [0x00000189967baf80, 0x00000189967bb968]
Event: 0.407 Thread 0x00000189a95b6000  265       3       java.util.Arrays::equals (57 bytes)
Event: 0.407 Thread 0x00000189a95ae800  266       4       java.lang.StringLatin1::charAt (28 bytes)
Event: 0.407 Thread 0x00000189a95b6000 nmethod 265 0x00000189967bbc90 code [0x00000189967bbe80, 0x00000189967bc3e8]
Event: 0.407 Thread 0x00000189a95b6000  262       3       jdk.internal.org.objectweb.asm.Item::isEqualTo (354 bytes)
Event: 0.408 Thread 0x00000189a95ae800 nmethod 266 0x000001899dcb4a90 code [0x000001899dcb4c20, 0x000001899dcb4c98]
Event: 0.408 Thread 0x00000189a95b6000 nmethod 262 0x00000189967bc590 code [0x00000189967bc800, 0x00000189967bd2e8]
Event: 0.408 Thread 0x00000189a95b6000  264       3       java.lang.reflect.Modifier::isStatic (13 bytes)
Event: 0.408 Thread 0x00000189a95b6000 nmethod 264 0x00000189967bd610 code [0x00000189967bd7c0, 0x00000189967bd8f8]
Event: 0.408 Thread 0x00000189a95b6000  261       3       jdk.internal.org.objectweb.asm.Frame::execute (2264 bytes)

GC Heap History (0 events):
No events

Deoptimization events (4 events):
Event: 0.204 Thread 0x0000018992589800 Uncommon trap: trap_request=0xffffff4d fr.pc=0x000001899dca3f18 relative=0x0000000000000178
Event: 0.204 Thread 0x0000018992589800 Uncommon trap: reason=unstable_if action=reinterpret pc=0x000001899dca3f18 method=java.lang.String.hashCode()I @ 14 c2
Event: 0.204 Thread 0x0000018992589800 DEOPT PACKING pc=0x000001899dca3f18 sp=0x00000035236fd740
Event: 0.204 Thread 0x0000018992589800 DEOPT UNPACKING pc=0x000001899622a1a9 sp=0x00000035236fd6d8 mode 2

Classes redefined (0 events):
No events

Internal exceptions (0 events):
No events

Events (20 events):
Event: 0.403 loading class java/lang/invoke/BoundMethodHandle$Species_LLLLLLI
Event: 0.403 loading class java/lang/invoke/BoundMethodHandle$Species_LLLLLLI done
Event: 0.405 loading class sun/invoke/util/ValueConversions$WrapperCache
Event: 0.406 loading class sun/invoke/util/ValueConversions$WrapperCache done
Event: 0.406 loading class java/lang/invoke/BoundMethodHandle$Species_LLLLLLII
Event: 0.406 loading class java/lang/invoke/BoundMethodHandle$Species_LLLLLLII done
Event: 0.409 loading class java/lang/invoke/BoundMethodHandle$Species_LLLLLLIIL
Event: 0.409 loading class java/lang/invoke/BoundMethodHandle$Species_LLLLLLIIL done
Event: 0.412 loading class java/util/logging/LogManager$VisitedLoggers
Event: 0.412 loading class java/util/function/Predicate
Event: 0.412 loading class java/util/function/Predicate done
Event: 0.412 loading class java/util/logging/LogManager$VisitedLoggers done
Event: 0.412 loading class java/util/logging/LogManager$LoggerContext$1
Event: 0.412 loading class java/util/logging/LogManager$LoggerContext$1 done
Event: 0.413 loading class java/util/concurrent/ConcurrentHashMap$KeySetView
Event: 0.414 loading class java/util/concurrent/ConcurrentHashMap$KeySetView done
Event: 0.414 loading class java/util/Collections$3
Event: 0.414 loading class java/util/Collections$3 done
Event: 0.414 loading class java/util/concurrent/ConcurrentHashMap$KeyIterator
Event: 0.414 loading class java/util/concurrent/ConcurrentHashMap$KeyIterator done


Dynamic libraries:
0x00007ff74c130000 - 0x00007ff74c13a000 	C:\Program Files\JetBrains\GoLand 2021.3.2\jbr\bin\java.exe
0x00007ffc9feb0000 - 0x00007ffca00a5000 	C:\WINDOWS\SYSTEM32\ntdll.dll
0x00007ffc9f880000 - 0x00007ffc9f93d000 	C:\WINDOWS\System32\KERNEL32.DLL
0x00007ffc9d620000 - 0x00007ffc9d8ed000 	C:\WINDOWS\System32\KERNELBASE.dll
0x00007ffc9db20000 - 0x00007ffc9dc20000 	C:\WINDOWS\System32\ucrtbase.dll
0x00007ffc87800000 - 0x00007ffc87817000 	C:\Program Files\JetBrains\GoLand 2021.3.2\jbr\bin\VCRUNTIME140.dll
0x00007ffc87720000 - 0x00007ffc87739000 	C:\Program Files\JetBrains\GoLand 2021.3.2\jbr\bin\jli.dll
0x00007ffc9ea80000 - 0x00007ffc9ec20000 	C:\WINDOWS\System32\USER32.dll
0x00007ffc9d5c0000 - 0x00007ffc9d5e2000 	C:\WINDOWS\System32\win32u.dll
0x00007ffc9fa60000 - 0x00007ffc9fa8a000 	C:\WINDOWS\System32\GDI32.dll
0x00007ffc9d8f0000 - 0x00007ffc9d9fb000 	C:\WINDOWS\System32\gdi32full.dll
0x00007ffc9de60000 - 0x00007ffc9defd000 	C:\WINDOWS\System32\msvcp_win.dll
0x00007ffc8be50000 - 0x00007ffc8c0ea000 	C:\WINDOWS\WinSxS\amd64_microsoft.windows.common-controls_6595b64144ccf1df_6.0.19041.1110_none_60b5254171f9507e\COMCTL32.dll
0x00007ffc9ec30000 - 0x00007ffc9ecce000 	C:\WINDOWS\System32\msvcrt.dll
0x00007ffc9ee90000 - 0x00007ffc9eec0000 	C:\WINDOWS\System32\IMM32.DLL
0x00007ffc87410000 - 0x00007ffc874ad000 	C:\Program Files\JetBrains\GoLand 2021.3.2\jbr\bin\msvcp140.dll
0x00007ffc4f910000 - 0x00007ffc50486000 	C:\Program Files\JetBrains\GoLand 2021.3.2\jbr\bin\server\jvm.dll
0x00007ffc9f1a0000 - 0x00007ffc9f24e000 	C:\WINDOWS\System32\ADVAPI32.dll
0x00007ffc9f100000 - 0x00007ffc9f19c000 	C:\WINDOWS\System32\sechost.dll
0x00007ffc9eec0000 - 0x00007ffc9efe5000 	C:\WINDOWS\System32\RPCRT4.dll
0x00007ffc9f250000 - 0x00007ffc9f258000 	C:\WINDOWS\System32\PSAPI.DLL
0x00007ffc944d0000 - 0x00007ffc944f7000 	C:\WINDOWS\SYSTEM32\WINMM.dll
0x00007ffc94550000 - 0x00007ffc9455a000 	C:\WINDOWS\SYSTEM32\VERSION.dll
0x00007ffc8d3c0000 - 0x00007ffc8d3c9000 	C:\WINDOWS\SYSTEM32\WSOCK32.dll
0x00007ffc9e720000 - 0x00007ffc9e78b000 	C:\WINDOWS\System32\WS2_32.dll
0x00007ffc9b400000 - 0x00007ffc9b412000 	C:\WINDOWS\SYSTEM32\kernel.appcore.dll
0x00007ffc8a490000 - 0x00007ffc8a4a1000 	C:\Program Files\JetBrains\GoLand 2021.3.2\jbr\bin\verify.dll
0x00007ffc981f0000 - 0x00007ffc983d4000 	C:\WINDOWS\SYSTEM32\DBGHELP.DLL
0x00007ffc98050000 - 0x00007ffc9807c000 	C:\WINDOWS\SYSTEM32\dbgcore.DLL
0x00007ffc9dc20000 - 0x00007ffc9dca2000 	C:\WINDOWS\System32\bcryptPrimitives.dll
0x00007ffc887e0000 - 0x00007ffc88809000 	C:\Program Files\JetBrains\GoLand 2021.3.2\jbr\bin\java.dll
0x00007ffc8a480000 - 0x00007ffc8a48b000 	C:\Program Files\JetBrains\GoLand 2021.3.2\jbr\bin\jimage.dll
0x00007ffc86950000 - 0x00007ffc86968000 	C:\Program Files\JetBrains\GoLand 2021.3.2\jbr\bin\zip.dll
0x00007ffc9dfd0000 - 0x00007ffc9e714000 	C:\WINDOWS\System32\SHELL32.dll
0x00007ffc9b6e0000 - 0x00007ffc9be74000 	C:\WINDOWS\SYSTEM32\windows.storage.dll
0x00007ffc9fb10000 - 0x00007ffc9fe64000 	C:\WINDOWS\System32\combase.dll
0x00007ffc9cfb0000 - 0x00007ffc9cfdc000 	C:\WINDOWS\SYSTEM32\Wldp.dll
0x00007ffc9f050000 - 0x00007ffc9f0fd000 	C:\WINDOWS\System32\SHCORE.dll
0x00007ffc9ee10000 - 0x00007ffc9ee65000 	C:\WINDOWS\System32\shlwapi.dll
0x00007ffc9d500000 - 0x00007ffc9d51f000 	C:\WINDOWS\SYSTEM32\profapi.dll
0x00007ffc85be0000 - 0x00007ffc85bfa000 	C:\Program Files\JetBrains\GoLand 2021.3.2\jbr\bin\net.dll
0x00007ffc902b0000 - 0x00007ffc903ba000 	C:\WINDOWS\SYSTEM32\WINHTTP.dll
0x00007ffc9ccb0000 - 0x00007ffc9cd1a000 	C:\WINDOWS\system32\mswsock.dll
0x00007ffc85bc0000 - 0x00007ffc85bd4000 	C:\Program Files\JetBrains\GoLand 2021.3.2\jbr\bin\nio.dll

dbghelp: loaded successfully - version: 4.0.5 - missing functions: none
symbol engine: initialized successfully - sym options: 0x614 - pdb path: .;C:\Program Files\JetBrains\GoLand 2021.3.2\jbr\bin;C:\WINDOWS\SYSTEM32;C:\WINDOWS\WinSxS\amd64_microsoft.windows.common-controls_6595b64144ccf1df_6.0.19041.1110_none_60b5254171f9507e;C:\Program Files\JetBrains\GoLand 2021.3.2\jbr\bin\server

VM Arguments:
jvm_args: -Djava.rmi.server.hostname=127.0.0.1 -Duser.timezone=UTC -Xmx750m -Xms128m -Dfile.encoding=UTF-8 
java_command: com.intellij.database.remote.RemoteJdbcServer org.postgresql.Driver
java_class_path (initial): C:\Program Files\JetBrains\GoLand 2021.3.2\lib\util.jar;C:\Program Files\JetBrains\GoLand 2021.3.2\lib\org_codehaus_groovy_groovy.jar;C:\Program Files\JetBrains\GoLand 2021.3.2\plugins\DatabaseTools\lib\jdbc-console.jar;C:\Users\Aziz\AppData\Roaming\JetBrains\GoLand2021.3\jdbc-drivers\PostgreSQL\42.3.3\org\postgresql\postgresql\42.3.3\postgresql-42.3.3.jar;C:\Users\Aziz\AppData\Roaming\JetBrains\GoLand2021.3\jdbc-drivers\PostgreSQL\42.3.3\org\checkerframework\checker-qual\3.5.0\checker-qual-3.5.0.jar;C:\Users\Aziz\AppData\Roaming\JetBrains\GoLand2021.3\jdbc-drivers\PostgreSQL\42.3.3\net\java\dev\jna\jna-platform\5.10.0\jna-platform-5.10.0.jar;C:\Users\Aziz\AppData\Roaming\JetBrains\GoLand2021.3\jdbc-drivers\PostgreSQL\42.3.3\net\java\dev\jna\jna\5.10.0\jna-5.10.0.jar;C:\Users\Aziz\AppData\Roaming\JetBrains\GoLand2021.3\jdbc-drivers\PostgreSQL\42.3.3\com\github\dblock\waffle\waffle-jna\1.8.1\waffle-jna-1.8.1.jar;C:\Users\Aziz\AppData\Roaming\JetBrains\GoLand2021.3\jdbc-drivers\PostgreSQL\42.3.3\net\java\dev\jna\jna\4.2.1\jna-4.2.1.jar;C:\Users\Aziz\AppData\Roaming\JetBrains\GoLand2021.3\jdbc-drivers\PostgreSQL\42.3.3\net\java\dev\jna\jna-platform\4.2.1\jna-platform-4.2.1.jar;C:\Users\Aziz\AppData\Roaming\JetBrains\GoLand2021.3\jdbc-drivers\PostgreSQL\42.3.3\org\slf4j\jcl-over-slf4j\1.7.14\jcl-over-slf4j-1.7.14.jar;C:\Users\Aziz\AppData\Roaming\JetBrains\GoLand2021.3\jdbc-drivers\PostgreSQL\42.3.3\org\slf4j\slf4j-api\1.7.14\slf4j-api-1.7.14.jar;C:\Users\Aziz\AppData\Roaming\JetBrains\GoLand2021.3\jdbc-drivers\PostgreSQL\42.3.3\com\google\guava\guava\19.0\guava-19.0.jar
Launcher Type: SUN_STANDARD

[Global flags]
     intx CICompilerCount                          = 2                                         {product} {ergonomic}
     uint ConcGCThreads                            = 1                                         {product} {ergonomic}
     uint G1ConcRefinementThreads                  = 2                                         {product} {ergonomic}
   size_t G1HeapRegionSize                         = 1048576                                   {product} {ergonomic}
    uintx GCDrainStackTargetSize                   = 64                                        {product} {ergonomic}
   size_t InitialHeapSize                          = 134217728                                 {product} {command line}
   size_t MarkStackSize                            = 4194304                                   {product} {ergonomic}
   size_t MaxHeapSize                              = 786432000                                 {product} {command line}
   size_t MaxNewSize                               = 471859200                                 {product} {ergonomic}
   size_t MinHeapDeltaBytes                        = 1048576                                   {product} {ergonomic}
    uintx NonNMethodCodeHeapSize                   = 5825164                                {pd product} {ergonomic}
    uintx NonProfiledCodeHeapSize                  = 122916538                              {pd product} {ergonomic}
    uintx ProfiledCodeHeapSize                     = 122916538                              {pd product} {ergonomic}
    uintx ReservedCodeCacheSize                    = 251658240                              {pd product} {ergonomic}
     bool SegmentedCodeCache                       = true                                      {product} {ergonomic}
     bool UseCompressedClassPointers               = true                                 {lp64_product} {ergonomic}
     bool UseCompressedOops                        = true                                 {lp64_product} {ergonomic}
     bool UseG1GC                                  = true                                      {product} {ergonomic}
     bool UseLargePagesIndividualAllocation        = false                                  {pd product} {ergonomic}

Logging:
Log output configuration:
 #0: stdout all=warning uptime,level,tags
 #1: stderr all=off uptime,level,tags

Environment Variables:
PATH=C:\WINDOWS\system32;C:\WINDOWS;C:\WINDOWS\System32\Wbem;C:\WINDOWS\System32\WindowsPowerShell\v1.0\;C:\Program Files (x86)\ATI Technologies\ATI.ACE\Core-Static;C:\WINDOWS\System32\OpenSSH\;C:\Program Files (x86)\NVIDIA Corporation\PhysX\Common;C:\WINDOWS\system32;C:\WINDOWS;C:\WINDOWS\System32\Wbem;C:\WINDOWS\System32\WindowsPowerShell\v1.0\;C:\WINDOWS\System32\OpenSSH\;C:\Program Files\Git\cmd;C:\Go\bin;C:\Users\Aziz\AppData\Local\Microsoft\WindowsApps;;C:\Program Files\JetBrains\IntelliJ IDEA 2019.1.3\bin;;C:\Users\Aziz\go\bin;C:\Program Files\JetBrains\GoLand 2021.3.2\bin;
USERNAME=Aziz
OS=Windows_NT
PROCESSOR_IDENTIFIER=AMD64 Family 16 Model 6 Stepping 3, AuthenticAMD



---------------  S Y S T E M  ---------------

OS: Windows 10 , 64 bit Build 19041 (10.0.19041.1706)
OS uptime: 0 days 15:37 hours

CPU:total 2 (initial active 2) (2 cores per cpu, 1 threads per core) family 16 model 6 stepping 3 microcode 0x0, cmov, cx8, fxsr, mmx, sse, sse2, sse3, popcnt, mmxext, 3dnowpref, lzcnt, sse4a, tsc, tscinvbit, tscinv

Memory: 4k page, system-wide physical 8105M (2844M free)
TotalPageFile size 10187M (AvailPageFile size 3M)
current process WorkingSet (physical memory assigned to process): 41M, peak: 41M
current process commit charge ("private bytes"): 194M, peak: 194M

vm_info: OpenJDK 64-Bit Server VM (11.0.13+7-b1751.21) for windows-amd64 JRE (11.0.13+7-b1751.21), built on Nov 30 2021 02:32:50 by "" with MS VC++ 14.0 (VS2015)

END.
