[GIN-debug] GET    /ping                     --> admin_panel/routes.PingPong (6 handlers)
[GIN-debug] Listening and serving HTTP on :1111
[GIN] 127.0.0.1 - [Mon, 15 Nov 2021 00:45:38 +05] "GET /ping HTTP/1.1 200 0s "insomnia/2021.6.0" 
[GIN-debug] GET    /ping                     --> admin_panel/routes.PingPong (6 handlers)
[GIN-debug] GET    /rights                   --> admin_panel/pkg/controller.GetAllRights (6 handlers)
[GIN-debug] POST   /rights                   --> admin_panel/pkg/controller.GetAllRights (6 handlers)
[GIN-debug] PUT    /rights/:id               --> admin_panel/pkg/controller.GetAllRights (6 handlers)
[GIN-debug] DELETE /rights/:id               --> admin_panel/pkg/controller.GetAllRights (6 handlers)
[GIN-debug] Listening and serving HTTP on :1111
2021/11/15 04:12:10 [GetAllRights]|[error]| error is:  pq: пустой идентификатор в кавычках (примерное положение: """")
[GIN] 127.0.0.1 - [Mon, 15 Nov 2021 04:12:10 +05] "GET /rights HTTP/1.1 500 5.6632ms "insomnia/2021.6.0" 
[GIN-debug] GET    /ping                     --> admin_panel/routes.PingPong (6 handlers)
[GIN-debug] GET    /rights                   --> admin_panel/pkg/controller.GetAllRights (6 handlers)
[GIN-debug] POST   /rights                   --> admin_panel/pkg/controller.GetAllRights (6 handlers)
[GIN-debug] PUT    /rights/:id               --> admin_panel/pkg/controller.GetAllRights (6 handlers)
[GIN-debug] DELETE /rights/:id               --> admin_panel/pkg/controller.GetAllRights (6 handlers)
[GIN-debug] Listening and serving HTTP on :1111
2021/11/15 04:12:43 [GetAllRights]|[error]| error is:  pq: ошибка синтаксиса (примерное положение: ")")
[GIN] 127.0.0.1 - [Mon, 15 Nov 2021 04:12:43 +05] "GET /rights HTTP/1.1 500 4.9157ms "insomnia/2021.6.0" 
[GIN-debug] GET    /ping                     --> admin_panel/routes.PingPong (6 handlers)
[GIN-debug] GET    /rights                   --> admin_panel/pkg/controller.GetAllRights (6 handlers)
[GIN-debug] POST   /rights                   --> admin_panel/pkg/controller.GetAllRights (6 handlers)
[GIN-debug] PUT    /rights/:id               --> admin_panel/pkg/controller.GetAllRights (6 handlers)
[GIN-debug] DELETE /rights/:id               --> admin_panel/pkg/controller.GetAllRights (6 handlers)
[GIN-debug] Listening and serving HTTP on :1111
2021/11/15 04:13:21 [GetAllRights]|[error]| error is:  pq: не удалось определить тип данных параметра $1
[GIN] 127.0.0.1 - [Mon, 15 Nov 2021 04:13:21 +05] "GET /rights HTTP/1.1 500 4.227ms "insomnia/2021.6.0" 
[GIN-debug] GET    /ping                     --> admin_panel/routes.PingPong (6 handlers)
[GIN-debug] GET    /rights                   --> admin_panel/pkg/controller.GetAllRights (6 handlers)
[GIN-debug] POST   /rights                   --> admin_panel/pkg/controller.GetAllRights (6 handlers)
[GIN-debug] PUT    /rights/:id               --> admin_panel/pkg/controller.GetAllRights (6 handlers)
[GIN-debug] DELETE /rights/:id               --> admin_panel/pkg/controller.GetAllRights (6 handlers)
[GIN-debug] Listening and serving HTTP on :1111
2021/11/15 04:13:44 [GetAllRights]|[error]| error is:  pq: не удалось определить тип данных параметра $1
[GIN] 127.0.0.1 - [Mon, 15 Nov 2021 04:13:44 +05] "GET /rights HTTP/1.1 500 3.7946ms "insomnia/2021.6.0" 
[GIN-debug] GET    /ping                     --> admin_panel/routes.PingPong (6 handlers)
[GIN-debug] GET    /rights                   --> admin_panel/pkg/controller.GetAllRights (6 handlers)
[GIN-debug] POST   /rights                   --> admin_panel/pkg/controller.GetAllRights (6 handlers)
[GIN-debug] PUT    /rights/:id               --> admin_panel/pkg/controller.GetAllRights (6 handlers)
[GIN-debug] DELETE /rights/:id               --> admin_panel/pkg/controller.GetAllRights (6 handlers)
[GIN-debug] Listening and serving HTTP on :1111
[GIN] 127.0.0.1 - [Mon, 15 Nov 2021 04:15:49 +05] "GET /rights HTTP/1.1 200 2.0799ms "insomnia/2021.6.0" 
[GIN-debug] GET    /ping                     --> admin_panel/routes.PingPong (6 handlers)
[GIN-debug] GET    /rights                   --> admin_panel/pkg/controller.GetAllRights (6 handlers)
[GIN-debug] POST   /rights                   --> admin_panel/pkg/controller.GetAllRights (6 handlers)
[GIN-debug] PUT    /rights/:id               --> admin_panel/pkg/controller.GetAllRights (6 handlers)
[GIN-debug] DELETE /rights/:id               --> admin_panel/pkg/controller.GetAllRights (6 handlers)
[GIN-debug] Listening and serving HTTP on :1111
[GIN] 127.0.0.1 - [Mon, 15 Nov 2021 04:16:08 +05] "GET /rights HTTP/1.1 200 5.198ms "insomnia/2021.6.0" 
[GIN] 127.0.0.1 - [Mon, 15 Nov 2021 04:16:10 +05] "GET /rights HTTP/1.1 200 863.2µs "insomnia/2021.6.0" 
[GIN-debug] GET    /ping                     --> admin_panel/routes.PingPong (6 handlers)
[GIN-debug] GET    /rights                   --> admin_panel/pkg/controller.GetAllRights (6 handlers)
[GIN-debug] POST   /rights                   --> admin_panel/pkg/controller.GetAllRights (6 handlers)
[GIN-debug] PUT    /rights/:id               --> admin_panel/pkg/controller.GetAllRights (6 handlers)
[GIN-debug] DELETE /rights/:id               --> admin_panel/pkg/controller.GetAllRights (6 handlers)
[GIN-debug] Listening and serving HTTP on :1111
[GIN] 127.0.0.1 - [Mon, 15 Nov 2021 04:17:00 +05] "GET /rights HTTP/1.1 200 2.3764ms "insomnia/2021.6.0" 
[GIN-debug] GET    /ping                     --> admin_panel/routes.PingPong (6 handlers)
[GIN-debug] GET    /rights                   --> admin_panel/pkg/controller.GetAllRights (6 handlers)
[GIN-debug] POST   /rights                   --> admin_panel/pkg/controller.GetAllRights (6 handlers)
[GIN-debug] PUT    /rights/:id               --> admin_panel/pkg/controller.GetAllRights (6 handlers)
[GIN-debug] DELETE /rights/:id               --> admin_panel/pkg/controller.GetAllRights (6 handlers)
[GIN-debug] Listening and serving HTTP on :1111
[GIN] 127.0.0.1 - [Mon, 15 Nov 2021 04:17:43 +05] "GET /rights HTTP/1.1 200 2.4023ms "insomnia/2021.6.0" 
[GIN-debug] GET    /ping                     --> admin_panel/routes.PingPong (6 handlers)
[GIN-debug] GET    /rights                   --> admin_panel/pkg/controller.GetAllRights (6 handlers)
[GIN-debug] POST   /rights                   --> admin_panel/pkg/controller.AddNewRight (6 handlers)
[GIN-debug] PUT    /rights/:id               --> admin_panel/pkg/controller.GetAllRights (6 handlers)
[GIN-debug] DELETE /rights/:id               --> admin_panel/pkg/controller.GetAllRights (6 handlers)
[GIN-debug] Listening and serving HTTP on :1111
[GIN] 127.0.0.1 - [Mon, 15 Nov 2021 04:24:41 +05] "POST /rights HTTP/1.1 200 4.7464ms "insomnia/2021.6.0" 
[GIN-debug] GET    /ping                     --> admin_panel/routes.PingPong (6 handlers)
[GIN-debug] GET    /rights                   --> admin_panel/pkg/controller.GetAllRights (6 handlers)
[GIN-debug] POST   /rights                   --> admin_panel/pkg/controller.AddNewRight (6 handlers)
[GIN-debug] PUT    /rights/:id               --> admin_panel/pkg/controller.GetAllRights (6 handlers)
[GIN-debug] DELETE /rights/:id               --> admin_panel/pkg/controller.GetAllRights (6 handlers)
[GIN-debug] Listening and serving HTTP on :1111
2021/11/15 04:26:28 [controller.AddNewRight]|[service.AddNewRight]| error is:  право с таким кодом уже существоует
[GIN] 127.0.0.1 - [Mon, 15 Nov 2021 04:26:28 +05] "POST /rights HTTP/1.1 500 9.2313ms "insomnia/2021.6.0" 
[GIN] 127.0.0.1 - [Mon, 15 Nov 2021 04:26:35 +05] "GET /rights HTTP/1.1 200 1.5763ms "insomnia/2021.6.0" 
[GIN-debug] GET    /ping                     --> admin_panel/routes.PingPong (6 handlers)
[GIN-debug] GET    /rights                   --> admin_panel/pkg/controller.GetAllRights (6 handlers)
[GIN-debug] POST   /rights                   --> admin_panel/pkg/controller.AddNewRight (6 handlers)
[GIN-debug] PUT    /rights/:id               --> admin_panel/pkg/controller.EditRight (6 handlers)
[GIN-debug] DELETE /rights/:id               --> admin_panel/pkg/controller.GetAllRights (6 handlers)
[GIN-debug] Listening and serving HTTP on :1111
[GIN] 127.0.0.1 - [Mon, 15 Nov 2021 04:34:45 +05] "GET /rights HTTP/1.1 200 2.2543ms "insomnia/2021.6.0" 
2021/11/15 04:35:24 [controller.EditRight]|[service.EditRight]| error is:  право с таким кодом уже существоует
[GIN] 127.0.0.1 - [Mon, 15 Nov 2021 04:35:24 +05] "PUT /rights/3 HTTP/1.1 500 6.913ms "insomnia/2021.6.0" 
[GIN-debug] GET    /ping                     --> admin_panel/routes.PingPong (6 handlers)
[GIN-debug] GET    /rights                   --> admin_panel/pkg/controller.GetAllRights (6 handlers)
[GIN-debug] POST   /rights                   --> admin_panel/pkg/controller.AddNewRight (6 handlers)
[GIN-debug] PUT    /rights/:id               --> admin_panel/pkg/controller.EditRight (6 handlers)
[GIN-debug] DELETE /rights/:id               --> admin_panel/pkg/controller.GetAllRights (6 handlers)
[GIN-debug] Listening and serving HTTP on :1111
[GIN] 127.0.0.1 - [Mon, 15 Nov 2021 04:36:04 +05] "PUT /rights/3 HTTP/1.1 200 4.115ms "insomnia/2021.6.0" 
[GIN] 127.0.0.1 - [Mon, 15 Nov 2021 04:36:08 +05] "GET /rights HTTP/1.1 200 1.2692ms "insomnia/2021.6.0" 
[GIN-debug] GET    /ping                     --> admin_panel/routes.PingPong (6 handlers)
[GIN-debug] GET    /rights                   --> admin_panel/pkg/controller.GetAllRights (6 handlers)
[GIN-debug] POST   /rights                   --> admin_panel/pkg/controller.AddNewRight (6 handlers)
[GIN-debug] PUT    /rights/:id               --> admin_panel/pkg/controller.EditRight (6 handlers)
[GIN-debug] DELETE /rights/:id               --> admin_panel/pkg/controller.GetAllRights (6 handlers)
[GIN-debug] Listening and serving HTTP on :1111
[GIN] 127.0.0.1 - [Mon, 15 Nov 2021 04:36:39 +05] "GET /rights HTTP/1.1 200 4.792ms "insomnia/2021.6.0" 
[GIN-debug] GET    /ping                     --> admin_panel/routes.PingPong (6 handlers)
[GIN-debug] GET    /rights                   --> admin_panel/pkg/controller.GetAllRights (6 handlers)
[GIN-debug] POST   /rights                   --> admin_panel/pkg/controller.AddNewRight (6 handlers)
[GIN-debug] PUT    /rights/:id               --> admin_panel/pkg/controller.EditRight (6 handlers)
[GIN-debug] DELETE /rights/:id               --> admin_panel/pkg/controller.DeleteRight (6 handlers)
[GIN-debug] Listening and serving HTTP on :1111
[GIN] 127.0.0.1 - [Mon, 15 Nov 2021 04:40:51 +05] "GET /rights HTTP/1.1 200 2.5758ms "insomnia/2021.6.0" 
2021/11/15 04:41:15 [controller.DeleteRight]|[service.DeleteRight]| error is:  pq: ошибка синтаксиса (примерное положение: ")")
[GIN] 127.0.0.1 - [Mon, 15 Nov 2021 04:41:15 +05] "DELETE /rights/3 HTTP/1.1 500 6.6094ms "insomnia/2021.6.0" 
[GIN-debug] GET    /ping                     --> admin_panel/routes.PingPong (6 handlers)
[GIN-debug] GET    /rights                   --> admin_panel/pkg/controller.GetAllRights (6 handlers)
[GIN-debug] POST   /rights                   --> admin_panel/pkg/controller.AddNewRight (6 handlers)
[GIN-debug] PUT    /rights/:id               --> admin_panel/pkg/controller.EditRight (6 handlers)
[GIN-debug] DELETE /rights/:id               --> admin_panel/pkg/controller.DeleteRight (6 handlers)
[GIN-debug] Listening and serving HTTP on :1111
2021/11/15 04:42:29 [controller.DeleteRight]|[service.DeleteRight]| error is:  pq: столбец "is_removed = ?" в таблице "rights" не существует
[GIN] 127.0.0.1 - [Mon, 15 Nov 2021 04:42:29 +05] "DELETE /rights/3 HTTP/1.1 500 5.7325ms "insomnia/2021.6.0" 
[GIN-debug] GET    /ping                     --> admin_panel/routes.PingPong (6 handlers)
[GIN-debug] GET    /rights                   --> admin_panel/pkg/controller.GetAllRights (6 handlers)
[GIN-debug] POST   /rights                   --> admin_panel/pkg/controller.AddNewRight (6 handlers)
[GIN-debug] PUT    /rights/:id               --> admin_panel/pkg/controller.EditRight (6 handlers)
[GIN-debug] DELETE /rights/:id               --> admin_panel/pkg/controller.DeleteRight (6 handlers)
[GIN-debug] Listening and serving HTTP on :1111
[GIN] 127.0.0.1 - [Mon, 15 Nov 2021 04:42:49 +05] "DELETE /rights/3 HTTP/1.1 200 3.0333ms "insomnia/2021.6.0" 
[GIN] 127.0.0.1 - [Mon, 15 Nov 2021 04:42:52 +05] "DELETE /rights/3 HTTP/1.1 200 1.2285ms "insomnia/2021.6.0" 
[GIN] 127.0.0.1 - [Mon, 15 Nov 2021 04:43:21 +05] "GET /rights HTTP/1.1 200 998.5µs "insomnia/2021.6.0" 
[GIN-debug] GET    /ping                     --> admin_panel/routes.PingPong (6 handlers)
[GIN-debug] GET    /rights                   --> admin_panel/pkg/controller.GetAllRights (6 handlers)
[GIN-debug] POST   /rights                   --> admin_panel/pkg/controller.AddNewRight (6 handlers)
[GIN-debug] PUT    /rights/:id               --> admin_panel/pkg/controller.EditRight (6 handlers)
[GIN-debug] DELETE /rights/:id               --> admin_panel/pkg/controller.DeleteRight (6 handlers)
[GIN-debug] GET    /roles/                   --> admin_panel/pkg/controller.GetAllRoles (6 handlers)
[GIN-debug] Listening and serving HTTP on :1111
[GIN-debug] redirecting request 301: /roles --> /roles/
[GIN] 127.0.0.1 - [Mon, 15 Nov 2021 05:41:19 +05] "GET /roles/ HTTP/1.1 500 9.0662ms "insomnia/2021.6.0" 
[GIN-debug] GET    /ping                     --> admin_panel/routes.PingPong (6 handlers)
[GIN-debug] GET    /rights                   --> admin_panel/pkg/controller.GetAllRights (6 handlers)
[GIN-debug] POST   /rights                   --> admin_panel/pkg/controller.AddNewRight (6 handlers)
[GIN-debug] PUT    /rights/:id               --> admin_panel/pkg/controller.EditRight (6 handlers)
[GIN-debug] DELETE /rights/:id               --> admin_panel/pkg/controller.DeleteRight (6 handlers)
[GIN-debug] GET    /roles/                   --> admin_panel/pkg/controller.GetAllRoles (6 handlers)
[GIN-debug] Listening and serving HTTP on :1111
[GIN-debug] redirecting request 301: /roles --> /roles/
[GIN] 127.0.0.1 - [Mon, 15 Nov 2021 05:41:49 +05] "GET /roles/ HTTP/1.1 200 3.9048ms "insomnia/2021.6.0" 
[GIN-debug] GET    /ping                     --> admin_panel/routes.PingPong (6 handlers)
[GIN-debug] GET    /rights                   --> admin_panel/pkg/controller.GetAllRights (6 handlers)
[GIN-debug] POST   /rights                   --> admin_panel/pkg/controller.AddNewRight (6 handlers)
[GIN-debug] PUT    /rights/:id               --> admin_panel/pkg/controller.EditRight (6 handlers)
[GIN-debug] DELETE /rights/:id               --> admin_panel/pkg/controller.DeleteRight (6 handlers)
[GIN-debug] GET    /roles/                   --> admin_panel/pkg/controller.GetAllRoles (6 handlers)
[GIN-debug] Listening and serving HTTP on :1111
[GIN-debug] redirecting request 301: /roles --> /roles/
[GIN] 127.0.0.1 - [Mon, 15 Nov 2021 05:43:27 +05] "GET /roles/ HTTP/1.1 200 3.4337ms "insomnia/2021.6.0" 
[GIN-debug] GET    /ping                     --> admin_panel/routes.PingPong (6 handlers)
[GIN-debug] GET    /rights                   --> admin_panel/pkg/controller.GetAllRights (6 handlers)
[GIN-debug] POST   /rights                   --> admin_panel/pkg/controller.AddNewRight (6 handlers)
[GIN-debug] PUT    /rights/:id               --> admin_panel/pkg/controller.EditRight (6 handlers)
[GIN-debug] DELETE /rights/:id               --> admin_panel/pkg/controller.DeleteRight (6 handlers)
[GIN-debug] GET    /roles/                   --> admin_panel/pkg/controller.GetAllRoles (6 handlers)
[GIN-debug] Listening and serving HTTP on :1111
[GIN-debug] redirecting request 301: /roles --> /roles/
[GIN] 127.0.0.1 - [Mon, 15 Nov 2021 05:44:05 +05] "GET /roles/ HTTP/1.1 200 3.3128ms "insomnia/2021.6.0" 
[GIN-debug] GET    /ping                     --> admin_panel/routes.PingPong (6 handlers)
[GIN-debug] GET    /rights                   --> admin_panel/pkg/controller.GetAllRights (6 handlers)
[GIN-debug] POST   /rights                   --> admin_panel/pkg/controller.AddNewRight (6 handlers)
[GIN-debug] PUT    /rights/:id               --> admin_panel/pkg/controller.EditRight (6 handlers)
[GIN-debug] DELETE /rights/:id               --> admin_panel/pkg/controller.DeleteRight (6 handlers)
[GIN-debug] GET    /roles/                   --> admin_panel/pkg/controller.GetAllRoles (6 handlers)
[GIN-debug] PUT    /roles/:id                --> admin_panel/pkg/controller.EditRole (6 handlers)
[GIN-debug] Listening and serving HTTP on :1111
[GIN-debug] GET    /ping                     --> admin_panel/routes.PingPong (6 handlers)
[GIN-debug] GET    /rights                   --> admin_panel/pkg/controller.GetAllRights (6 handlers)
[GIN-debug] POST   /rights                   --> admin_panel/pkg/controller.AddNewRight (6 handlers)
[GIN-debug] PUT    /rights/:id               --> admin_panel/pkg/controller.EditRight (6 handlers)
[GIN-debug] DELETE /rights/:id               --> admin_panel/pkg/controller.DeleteRight (6 handlers)
[GIN-debug] GET    /roles/                   --> admin_panel/pkg/controller.GetAllRoles (6 handlers)
[GIN-debug] PUT    /roles/:id                --> admin_panel/pkg/controller.EditRole (6 handlers)
[GIN-debug] Listening and serving HTTP on :1111
[GIN-debug] redirecting request 301: /roles --> /roles/
[GIN] 127.0.0.1 - [Mon, 15 Nov 2021 05:54:03 +05] "GET /roles/ HTTP/1.1 200 4.0285ms "insomnia/2021.6.0" 
2021/11/15 05:54:14 [controller.EditRole]|[binding json]| error is:  unexpected EOF
[GIN] 127.0.0.1 - [Mon, 15 Nov 2021 05:54:14 +05] "PUT /roles/1 HTTP/1.1 400 0s "insomnia/2021.6.0" 
[GIN] 127.0.0.1 - [Mon, 15 Nov 2021 05:54:51 +05] "PUT /roles/1 HTTP/1.1 200 1.433ms "insomnia/2021.6.0" 
[GIN] 127.0.0.1 - [Mon, 15 Nov 2021 05:54:57 +05] "PUT /roles/1 HTTP/1.1 200 1.5081ms "insomnia/2021.6.0" 
[GIN-debug] redirecting request 301: /roles --> /roles/
[GIN] 127.0.0.1 - [Mon, 15 Nov 2021 05:55:00 +05] "GET /roles/ HTTP/1.1 200 1.8069ms "insomnia/2021.6.0" 
[GIN] 127.0.0.1 - [Mon, 15 Nov 2021 05:55:10 +05] "PUT /roles/1 HTTP/1.1 200 3.3106ms "insomnia/2021.6.0" 
[GIN-debug] redirecting request 301: /roles --> /roles/
[GIN] 127.0.0.1 - [Mon, 15 Nov 2021 05:55:13 +05] "GET /roles/ HTTP/1.1 200 1.3953ms "insomnia/2021.6.0" 
[GIN-debug] GET    /ping                     --> admin_panel/routes.PingPong (6 handlers)
[GIN-debug] GET    /rights                   --> admin_panel/pkg/controller.GetAllRights (6 handlers)
[GIN-debug] POST   /rights                   --> admin_panel/pkg/controller.AddNewRight (6 handlers)
[GIN-debug] PUT    /rights/:id               --> admin_panel/pkg/controller.EditRight (6 handlers)
[GIN-debug] DELETE /rights/:id               --> admin_panel/pkg/controller.DeleteRight (6 handlers)
[GIN-debug] GET    /roles                    --> admin_panel/pkg/controller.GetAllRoles (6 handlers)
[GIN-debug] PUT    /roles/:id                --> admin_panel/pkg/controller.EditRole (6 handlers)
[GIN-debug] PUT    /roles                    --> admin_panel/pkg/controller.AddNewRole (6 handlers)
[GIN-debug] Listening and serving HTTP on :1111
[GIN-debug] GET    /ping                     --> admin_panel/routes.PingPong (6 handlers)
[GIN-debug] GET    /rights                   --> admin_panel/pkg/controller.GetAllRights (6 handlers)
[GIN-debug] POST   /rights                   --> admin_panel/pkg/controller.AddNewRight (6 handlers)
[GIN-debug] PUT    /rights/:id               --> admin_panel/pkg/controller.EditRight (6 handlers)
[GIN-debug] DELETE /rights/:id               --> admin_panel/pkg/controller.DeleteRight (6 handlers)
[GIN-debug] GET    /roles                    --> admin_panel/pkg/controller.GetAllRoles (6 handlers)
[GIN-debug] POST   /roles                    --> admin_panel/pkg/controller.AddNewRole (6 handlers)
[GIN-debug] PUT    /roles/:id                --> admin_panel/pkg/controller.EditRole (6 handlers)
[GIN-debug] Listening and serving HTTP on :1111
[GIN] 127.0.0.1 - [Mon, 15 Nov 2021 06:14:22 +05] "POST /roles/1 HTTP/1.1 404 0s "insomnia/2021.6.0" 
[GIN] 127.0.0.1 - [Mon, 15 Nov 2021 06:14:28 +05] "POST /roles HTTP/1.1 200 8.4898ms "insomnia/2021.6.0" 
[GIN] 127.0.0.1 - [Mon, 15 Nov 2021 06:14:33 +05] "GET /roles HTTP/1.1 200 3.0544ms "insomnia/2021.6.0" 
[GIN-debug] GET    /ping                     --> admin_panel/routes.PingPong (6 handlers)
[GIN-debug] GET    /rights                   --> admin_panel/pkg/controller.GetAllRights (6 handlers)
[GIN-debug] POST   /rights                   --> admin_panel/pkg/controller.AddNewRight (6 handlers)
[GIN-debug] PUT    /rights/:id               --> admin_panel/pkg/controller.EditRight (6 handlers)
[GIN-debug] DELETE /rights/:id               --> admin_panel/pkg/controller.DeleteRight (6 handlers)
[GIN-debug] GET    /roles                    --> admin_panel/pkg/controller.GetAllRoles (6 handlers)
[GIN-debug] POST   /roles                    --> admin_panel/pkg/controller.AddNewRole (6 handlers)
[GIN-debug] PUT    /roles/:id                --> admin_panel/pkg/controller.EditRole (6 handlers)
[GIN-debug] DELETE /roles/:id                --> admin_panel/pkg/controller.DeleteRole (6 handlers)
[GIN-debug] Listening and serving HTTP on :1111
[GIN] 127.0.0.1 - [Mon, 15 Nov 2021 06:21:31 +05] "DELETE /roles/2 HTTP/1.1 200 2.9868ms "insomnia/2021.6.0" 
[GIN] 127.0.0.1 - [Mon, 15 Nov 2021 06:21:35 +05] "GET /roles HTTP/1.1 200 3.0909ms "insomnia/2021.6.0" 
[GIN] 127.0.0.1 - [Mon, 15 Nov 2021 06:21:42 +05] "POST /roles HTTP/1.1 200 3.1858ms "insomnia/2021.6.0" 
[GIN] 127.0.0.1 - [Mon, 15 Nov 2021 06:21:46 +05] "GET /roles HTTP/1.1 200 2.2447ms "insomnia/2021.6.0" 
[GIN] 127.0.0.1 - [Mon, 15 Nov 2021 06:32:17 +05] "PUT /roles/3 HTTP/1.1 200 2.9048ms "insomnia/2021.6.0" 
[GIN] 127.0.0.1 - [Mon, 15 Nov 2021 06:32:21 +05] "GET /roles HTTP/1.1 200 2.9777ms "insomnia/2021.6.0" 
[GIN-debug] GET    /ping                     --> admin_panel/routes.PingPong (6 handlers)
[GIN-debug] GET    /users/                   --> github.com/gin-gonic/gin.RecoveryWithWriter.func1 (5 handlers)
[GIN-debug] POST   /users/                   --> github.com/gin-gonic/gin.RecoveryWithWriter.func1 (5 handlers)
[GIN-debug] PUT    /users/:id                --> github.com/gin-gonic/gin.RecoveryWithWriter.func1 (5 handlers)
[GIN-debug] DELETE /users/:id                --> github.com/gin-gonic/gin.RecoveryWithWriter.func1 (5 handlers)
[GIN-debug] GET    /rights                   --> admin_panel/pkg/controller.GetAllRights (6 handlers)
[GIN-debug] POST   /rights                   --> admin_panel/pkg/controller.AddNewRight (6 handlers)
[GIN-debug] PUT    /rights/:id               --> admin_panel/pkg/controller.EditRight (6 handlers)
[GIN-debug] DELETE /rights/:id               --> admin_panel/pkg/controller.DeleteRight (6 handlers)
[GIN-debug] GET    /roles                    --> admin_panel/pkg/controller.GetAllRoles (6 handlers)
[GIN-debug] POST   /roles                    --> admin_panel/pkg/controller.AddNewRole (6 handlers)
[GIN-debug] PUT    /roles/:id                --> admin_panel/pkg/controller.EditRole (6 handlers)
[GIN-debug] DELETE /roles/:id                --> admin_panel/pkg/controller.DeleteRole (6 handlers)
[GIN-debug] POST   /roles/attach_right/:role_id/:right_id --> github.com/gin-gonic/gin.RecoveryWithWriter.func1 (5 handlers)
[GIN-debug] Listening and serving HTTP on :1111
[GIN] 127.0.0.1 - [Mon, 15 Nov 2021 07:37:35 +05] "GET /roles/3/2 HTTP/1.1 404 0s "insomnia/2021.6.0" 
[GIN] 127.0.0.1 - [Mon, 15 Nov 2021 07:37:48 +05] "GET /roles HTTP/1.1 200 6.0547ms "insomnia/2021.6.0" 
[GIN] 127.0.0.1 - [Mon, 15 Nov 2021 07:37:53 +05] "POST /roles/attach_right/3/2 HTTP/1.1 200 0s "insomnia/2021.6.0" 
[GIN-debug] GET    /ping                     --> admin_panel/routes.PingPong (6 handlers)
[GIN-debug] GET    /users/                   --> github.com/gin-gonic/gin.RecoveryWithWriter.func1 (5 handlers)
[GIN-debug] POST   /users/                   --> github.com/gin-gonic/gin.RecoveryWithWriter.func1 (5 handlers)
[GIN-debug] PUT    /users/:id                --> github.com/gin-gonic/gin.RecoveryWithWriter.func1 (5 handlers)
[GIN-debug] DELETE /users/:id                --> github.com/gin-gonic/gin.RecoveryWithWriter.func1 (5 handlers)
[GIN-debug] GET    /rights                   --> admin_panel/pkg/controller.GetAllRights (6 handlers)
[GIN-debug] POST   /rights                   --> admin_panel/pkg/controller.AddNewRight (6 handlers)
[GIN-debug] PUT    /rights/:id               --> admin_panel/pkg/controller.EditRight (6 handlers)
[GIN-debug] DELETE /rights/:id               --> admin_panel/pkg/controller.DeleteRight (6 handlers)
[GIN-debug] GET    /roles                    --> admin_panel/pkg/controller.GetAllRoles (6 handlers)
[GIN-debug] POST   /roles                    --> admin_panel/pkg/controller.AddNewRole (6 handlers)
[GIN-debug] PUT    /roles/:id                --> admin_panel/pkg/controller.EditRole (6 handlers)
[GIN-debug] DELETE /roles/:id                --> admin_panel/pkg/controller.DeleteRole (6 handlers)
[GIN-debug] POST   /roles/attach_right/:role_id/:right_id --> admin_panel/pkg/controller.AttachRightToRole (6 handlers)
[GIN-debug] Listening and serving HTTP on :1111
[GIN] 127.0.0.1 - [Mon, 15 Nov 2021 07:38:13 +05] "POST /roles/attach_right/3/2 HTTP/1.1 200 4.6804ms "insomnia/2021.6.0" 
[GIN] 127.0.0.1 - [Mon, 15 Nov 2021 07:38:20 +05] "GET /roles HTTP/1.1 200 2.7056ms "insomnia/2021.6.0" 
[GIN-debug] GET    /ping                     --> admin_panel/routes.PingPong (6 handlers)
[GIN-debug] GET    /users/                   --> github.com/gin-gonic/gin.RecoveryWithWriter.func1 (5 handlers)
[GIN-debug] POST   /users/                   --> github.com/gin-gonic/gin.RecoveryWithWriter.func1 (5 handlers)
[GIN-debug] PUT    /users/:id                --> github.com/gin-gonic/gin.RecoveryWithWriter.func1 (5 handlers)
[GIN-debug] DELETE /users/:id                --> github.com/gin-gonic/gin.RecoveryWithWriter.func1 (5 handlers)
[GIN-debug] GET    /rights                   --> admin_panel/pkg/controller.GetAllRights (6 handlers)
[GIN-debug] POST   /rights                   --> admin_panel/pkg/controller.AddNewRight (6 handlers)
[GIN-debug] PUT    /rights/:id               --> admin_panel/pkg/controller.EditRight (6 handlers)
[GIN-debug] DELETE /rights/:id               --> admin_panel/pkg/controller.DeleteRight (6 handlers)
[GIN-debug] GET    /roles                    --> admin_panel/pkg/controller.GetAllRoles (6 handlers)
[GIN-debug] POST   /roles                    --> admin_panel/pkg/controller.AddNewRole (6 handlers)
[GIN-debug] PUT    /roles/:id                --> admin_panel/pkg/controller.EditRole (6 handlers)
[GIN-debug] DELETE /roles/:id                --> admin_panel/pkg/controller.DeleteRole (6 handlers)
[GIN-debug] POST   /roles/attach_right/:role_id/:right_id --> admin_panel/pkg/controller.AttachRightToRole (6 handlers)
[GIN-debug] DELETE /roles/detach_right/:role_id/:right_id --> admin_panel/pkg/controller.DetachRightFromRole (6 handlers)
[GIN-debug] GET    /ping                     --> admin_panel/routes.PingPong (6 handlers)
[GIN-debug] GET    /users/                   --> github.com/gin-gonic/gin.RecoveryWithWriter.func1 (5 handlers)
[GIN-debug] POST   /users/                   --> github.com/gin-gonic/gin.RecoveryWithWriter.func1 (5 handlers)
[GIN-debug] PUT    /users/:id                --> github.com/gin-gonic/gin.RecoveryWithWriter.func1 (5 handlers)
[GIN-debug] DELETE /users/:id                --> github.com/gin-gonic/gin.RecoveryWithWriter.func1 (5 handlers)
[GIN-debug] GET    /rights                   --> admin_panel/pkg/controller.GetAllRights (6 handlers)
[GIN-debug] POST   /rights                   --> admin_panel/pkg/controller.AddNewRight (6 handlers)
[GIN-debug] PUT    /rights/:id               --> admin_panel/pkg/controller.EditRight (6 handlers)
[GIN-debug] DELETE /rights/:id               --> admin_panel/pkg/controller.DeleteRight (6 handlers)
[GIN-debug] GET    /roles                    --> admin_panel/pkg/controller.GetAllRoles (6 handlers)
[GIN-debug] POST   /roles                    --> admin_panel/pkg/controller.AddNewRole (6 handlers)
[GIN-debug] PUT    /roles/:id/edit           --> admin_panel/pkg/controller.EditRole (6 handlers)
[GIN-debug] DELETE /roles/:id/remove         --> admin_panel/pkg/controller.DeleteRole (6 handlers)
[GIN-debug] POST   /roles/attach_right/:role_id/:right_id --> admin_panel/pkg/controller.AttachRightToRole (6 handlers)
[GIN-debug] DELETE /roles/detach_right/:role_id/:right_id --> admin_panel/pkg/controller.DetachRightFromRole (6 handlers)
[GIN-debug] GET    /ping                     --> admin_panel/routes.PingPong (6 handlers)
[GIN-debug] GET    /users/                   --> github.com/gin-gonic/gin.RecoveryWithWriter.func1 (5 handlers)
[GIN-debug] POST   /users/                   --> github.com/gin-gonic/gin.RecoveryWithWriter.func1 (5 handlers)
[GIN-debug] PUT    /users/:id                --> github.com/gin-gonic/gin.RecoveryWithWriter.func1 (5 handlers)
[GIN-debug] DELETE /users/:id                --> github.com/gin-gonic/gin.RecoveryWithWriter.func1 (5 handlers)
[GIN-debug] GET    /rights                   --> admin_panel/pkg/controller.GetAllRights (6 handlers)
[GIN-debug] POST   /rights                   --> admin_panel/pkg/controller.AddNewRight (6 handlers)
[GIN-debug] PUT    /rights/:id               --> admin_panel/pkg/controller.EditRight (6 handlers)
[GIN-debug] DELETE /rights/:id               --> admin_panel/pkg/controller.DeleteRight (6 handlers)
[GIN-debug] GET    /roles                    --> admin_panel/pkg/controller.GetAllRoles (6 handlers)
[GIN-debug] POST   /roles                    --> admin_panel/pkg/controller.AddNewRole (6 handlers)
[GIN-debug] PUT    /roles/:id                --> admin_panel/pkg/controller.EditRole (6 handlers)
[GIN-debug] DELETE /roles/:id                --> admin_panel/pkg/controller.DeleteRole (6 handlers)
[GIN-debug] POST   /attach_right/:role_id/:right_id --> admin_panel/pkg/controller.AttachRightToRole (6 handlers)
[GIN-debug] DELETE /detach_right/:role_id/:right_id --> admin_panel/pkg/controller.DetachRightFromRole (6 handlers)
[GIN-debug] Listening and serving HTTP on :1111
[GIN] 127.0.0.1 - [Mon, 15 Nov 2021 07:44:07 +05] "DELETE /detach_right/3/2 HTTP/1.1 200 6.7572ms "insomnia/2021.6.0" 
[GIN] 127.0.0.1 - [Mon, 15 Nov 2021 07:44:11 +05] "GET /roles HTTP/1.1 200 4.636ms "insomnia/2021.6.0" 
[GIN] 127.0.0.1 - [Mon, 15 Nov 2021 11:18:12 +05] "GET /roles HTTP/1.1 200 9.6762ms "insomnia/2021.6.0" 
[GIN] 127.0.0.1 - [Mon, 15 Nov 2021 11:51:32 +05] "GET /roles HTTP/1.1 200 3.2257ms "insomnia/2021.6.0" 
[GIN-debug] GET    /ping                     --> admin_panel/routes.PingPong (6 handlers)
[GIN-debug] GET    /users/                   --> admin_panel/pkg/controller.GetAllUsers (6 handlers)
[GIN-debug] POST   /users/                   --> github.com/gin-gonic/gin.RecoveryWithWriter.func1 (5 handlers)
[GIN-debug] PUT    /users/:id                --> github.com/gin-gonic/gin.RecoveryWithWriter.func1 (5 handlers)
[GIN-debug] DELETE /users/:id                --> github.com/gin-gonic/gin.RecoveryWithWriter.func1 (5 handlers)
[GIN-debug] GET    /rights                   --> admin_panel/pkg/controller.GetAllRights (6 handlers)
[GIN-debug] POST   /rights                   --> admin_panel/pkg/controller.AddNewRight (6 handlers)
[GIN-debug] PUT    /rights/:id               --> admin_panel/pkg/controller.EditRight (6 handlers)
[GIN-debug] DELETE /rights/:id               --> admin_panel/pkg/controller.DeleteRight (6 handlers)
[GIN-debug] GET    /roles                    --> admin_panel/pkg/controller.GetAllRoles (6 handlers)
[GIN-debug] POST   /roles                    --> admin_panel/pkg/controller.AddNewRole (6 handlers)
[GIN-debug] PUT    /roles/:id                --> admin_panel/pkg/controller.EditRole (6 handlers)
[GIN-debug] DELETE /roles/:id                --> admin_panel/pkg/controller.DeleteRole (6 handlers)
[GIN-debug] POST   /attach_right/:role_id/:right_id --> admin_panel/pkg/controller.AttachRightToRole (6 handlers)
[GIN-debug] DELETE /detach_right/:role_id/:right_id --> admin_panel/pkg/controller.DetachRightFromRole (6 handlers)
[GIN-debug] Listening and serving HTTP on :1111
[GIN-debug] redirecting request 301: /users --> /users/
[GIN] 127.0.0.1 - [Wed, 17 Nov 2021 02:05:38 +05] "GET /users/ HTTP/1.1 200 6.3327ms "insomnia/2021.6.0" 
[GIN-debug] redirecting request 301: /users --> /users/
[GIN] 127.0.0.1 - [Wed, 17 Nov 2021 02:06:23 +05] "GET /users/ HTTP/1.1 200 3.0351ms "insomnia/2021.6.0" 
[GIN] 127.0.0.1 - [Wed, 17 Nov 2021 02:14:58 +05] "GET /rights HTTP/1.1 200 37.4015ms "insomnia/2021.6.0" 
[GIN] 127.0.0.1 - [Wed, 17 Nov 2021 02:16:00 +05] "POST /roles HTTP/1.1 200 22.2948ms "insomnia/2021.6.0" 
[GIN] 127.0.0.1 - [Wed, 17 Nov 2021 02:16:03 +05] "GET /roles HTTP/1.1 200 19.0333ms "insomnia/2021.6.0" 
[GIN-debug] GET    /ping                     --> admin_panel/routes.PingPong (6 handlers)
[GIN-debug] GET    /users/                   --> admin_panel/pkg/controller.GetAllUsers (6 handlers)
[GIN-debug] POST   /users/                   --> admin_panel/pkg/controller.CreateNewUser (6 handlers)
[GIN-debug] PUT    /users/:id                --> github.com/gin-gonic/gin.RecoveryWithWriter.func1 (5 handlers)
[GIN-debug] DELETE /users/:id                --> github.com/gin-gonic/gin.RecoveryWithWriter.func1 (5 handlers)
[GIN-debug] GET    /rights                   --> admin_panel/pkg/controller.GetAllRights (6 handlers)
[GIN-debug] POST   /rights                   --> admin_panel/pkg/controller.AddNewRight (6 handlers)
[GIN-debug] PUT    /rights/:id               --> admin_panel/pkg/controller.EditRight (6 handlers)
[GIN-debug] DELETE /rights/:id               --> admin_panel/pkg/controller.DeleteRight (6 handlers)
[GIN-debug] GET    /roles                    --> admin_panel/pkg/controller.GetAllRoles (6 handlers)
[GIN-debug] POST   /roles                    --> admin_panel/pkg/controller.AddNewRole (6 handlers)
[GIN-debug] PUT    /roles/:id                --> admin_panel/pkg/controller.EditRole (6 handlers)
[GIN-debug] DELETE /roles/:id                --> admin_panel/pkg/controller.DeleteRole (6 handlers)
[GIN-debug] POST   /attach_right/:role_id/:right_id --> admin_panel/pkg/controller.AttachRightToRole (6 handlers)
[GIN-debug] DELETE /detach_right/:role_id/:right_id --> admin_panel/pkg/controller.DetachRightFromRole (6 handlers)
[GIN-debug] Listening and serving HTTP on :1111
[GIN-debug] redirecting request 307: /users --> /users/
2021/11/17 02:17:27 [controller.CreateNewUser]|[service.CreateNewUser]| error is:  pq: столбец "surname" в таблице "roles" не существует
[GIN] 127.0.0.1 - [Wed, 17 Nov 2021 02:17:27 +05] "POST /users/ HTTP/1.1 500 9.795ms "insomnia/2021.6.0" 
[GIN-debug] GET    /ping                     --> admin_panel/routes.PingPong (6 handlers)
[GIN-debug] GET    /users/                   --> admin_panel/pkg/controller.GetAllUsers (6 handlers)
[GIN-debug] POST   /users/                   --> admin_panel/pkg/controller.CreateNewUser (6 handlers)
[GIN-debug] PUT    /users/:id                --> github.com/gin-gonic/gin.RecoveryWithWriter.func1 (5 handlers)
[GIN-debug] DELETE /users/:id                --> github.com/gin-gonic/gin.RecoveryWithWriter.func1 (5 handlers)
[GIN-debug] GET    /rights                   --> admin_panel/pkg/controller.GetAllRights (6 handlers)
[GIN-debug] POST   /rights                   --> admin_panel/pkg/controller.AddNewRight (6 handlers)
[GIN-debug] PUT    /rights/:id               --> admin_panel/pkg/controller.EditRight (6 handlers)
[GIN-debug] DELETE /rights/:id               --> admin_panel/pkg/controller.DeleteRight (6 handlers)
[GIN-debug] GET    /roles                    --> admin_panel/pkg/controller.GetAllRoles (6 handlers)
[GIN-debug] POST   /roles                    --> admin_panel/pkg/controller.AddNewRole (6 handlers)
[GIN-debug] PUT    /roles/:id                --> admin_panel/pkg/controller.EditRole (6 handlers)
[GIN-debug] DELETE /roles/:id                --> admin_panel/pkg/controller.DeleteRole (6 handlers)
[GIN-debug] POST   /attach_right/:role_id/:right_id --> admin_panel/pkg/controller.AttachRightToRole (6 handlers)
[GIN-debug] DELETE /detach_right/:role_id/:right_id --> admin_panel/pkg/controller.DetachRightFromRole (6 handlers)
[GIN-debug] Listening and serving HTTP on :1111
[GIN-debug] redirecting request 307: /users --> /users/
[GIN] 127.0.0.1 - [Wed, 17 Nov 2021 02:19:28 +05] "POST /users/ HTTP/1.1 200 11.8851ms "insomnia/2021.6.0" 
[GIN-debug] redirecting request 301: /users --> /users/
[GIN] 127.0.0.1 - [Wed, 17 Nov 2021 02:19:33 +05] "GET /users/ HTTP/1.1 200 3.0852ms "insomnia/2021.6.0" 
[GIN-debug] redirecting request 307: /users --> /users/
[GIN] 127.0.0.1 - [Wed, 17 Nov 2021 02:19:46 +05] "POST /users/ HTTP/1.1 200 5.3027ms "insomnia/2021.6.0" 
[GIN-debug] redirecting request 307: /users --> /users/
[GIN] 127.0.0.1 - [Wed, 17 Nov 2021 02:19:47 +05] "POST /users/ HTTP/1.1 200 5.0888ms "insomnia/2021.6.0" 
[GIN-debug] redirecting request 307: /users --> /users/
[GIN] 127.0.0.1 - [Wed, 17 Nov 2021 02:19:47 +05] "POST /users/ HTTP/1.1 200 7.119ms "insomnia/2021.6.0" 
[GIN-debug] redirecting request 307: /users --> /users/
[GIN] 127.0.0.1 - [Wed, 17 Nov 2021 02:19:48 +05] "POST /users/ HTTP/1.1 200 6.9672ms "insomnia/2021.6.0" 
[GIN-debug] redirecting request 301: /users --> /users/
[GIN] 127.0.0.1 - [Wed, 17 Nov 2021 02:19:50 +05] "GET /users/ HTTP/1.1 200 3.9258ms "insomnia/2021.6.0" 
[GIN-debug] redirecting request 307: /users --> /users/
[GIN] 127.0.0.1 - [Wed, 17 Nov 2021 02:19:58 +05] "POST /users/ HTTP/1.1 200 4.2596ms "insomnia/2021.6.0" 
[GIN-debug] redirecting request 307: /users --> /users/
[GIN] 127.0.0.1 - [Wed, 17 Nov 2021 02:20:31 +05] "POST /users/ HTTP/1.1 200 4.155ms "insomnia/2021.6.0" 
[GIN-debug] redirecting request 301: /users --> /users/
[GIN] 127.0.0.1 - [Wed, 17 Nov 2021 02:20:35 +05] "GET /users/ HTTP/1.1 200 4.1613ms "insomnia/2021.6.0" 
[GIN-debug] GET    /ping                     --> admin_panel/routes.PingPong (6 handlers)
[GIN-debug] GET    /users/                   --> admin_panel/pkg/controller.GetAllUsers (6 handlers)
[GIN-debug] POST   /users/                   --> admin_panel/pkg/controller.CreateNewUser (6 handlers)
[GIN-debug] PUT    /users/:id                --> admin_panel/pkg/controller.EditUser (6 handlers)
[GIN-debug] DELETE /users/:id                --> github.com/gin-gonic/gin.RecoveryWithWriter.func1 (5 handlers)
[GIN-debug] GET    /rights                   --> admin_panel/pkg/controller.GetAllRights (6 handlers)
[GIN-debug] POST   /rights                   --> admin_panel/pkg/controller.AddNewRight (6 handlers)
[GIN-debug] PUT    /rights/:id               --> admin_panel/pkg/controller.EditRight (6 handlers)
[GIN-debug] DELETE /rights/:id               --> admin_panel/pkg/controller.DeleteRight (6 handlers)
[GIN-debug] GET    /roles                    --> admin_panel/pkg/controller.GetAllRoles (6 handlers)
[GIN-debug] POST   /roles                    --> admin_panel/pkg/controller.AddNewRole (6 handlers)
[GIN-debug] PUT    /roles/:id                --> admin_panel/pkg/controller.EditRole (6 handlers)
[GIN-debug] DELETE /roles/:id                --> admin_panel/pkg/controller.DeleteRole (6 handlers)
[GIN-debug] POST   /attach_right/:role_id/:right_id --> admin_panel/pkg/controller.AttachRightToRole (6 handlers)
[GIN-debug] DELETE /detach_right/:role_id/:right_id --> admin_panel/pkg/controller.DetachRightFromRole (6 handlers)
[GIN-debug] Listening and serving HTTP on :1111
[GIN] 127.0.0.1 - [Wed, 17 Nov 2021 02:27:37 +05] "PUT /users/ HTTP/1.1 404 0s "insomnia/2021.6.0" 
[GIN] 127.0.0.1 - [Wed, 17 Nov 2021 02:27:41 +05] "PUT /users/1 HTTP/1.1 200 5.1974ms "insomnia/2021.6.0" 
[GIN-debug] redirecting request 301: /users --> /users/
[GIN] 127.0.0.1 - [Wed, 17 Nov 2021 02:27:45 +05] "GET /users/ HTTP/1.1 200 5.8916ms "insomnia/2021.6.0" 
[GIN-debug] GET    /ping                     --> admin_panel/routes.PingPong (6 handlers)
[GIN-debug] GET    /users/                   --> admin_panel/pkg/controller.GetAllUsers (6 handlers)
[GIN-debug] POST   /users/                   --> admin_panel/pkg/controller.CreateNewUser (6 handlers)
[GIN-debug] PUT    /users/:id                --> admin_panel/pkg/controller.EditUser (6 handlers)
[GIN-debug] DELETE /users/:id                --> admin_panel/pkg/controller.DeleteUser (6 handlers)
[GIN-debug] GET    /rights                   --> admin_panel/pkg/controller.GetAllRights (6 handlers)
[GIN-debug] POST   /rights                   --> admin_panel/pkg/controller.AddNewRight (6 handlers)
[GIN-debug] PUT    /rights/:id               --> admin_panel/pkg/controller.EditRight (6 handlers)
[GIN-debug] DELETE /rights/:id               --> admin_panel/pkg/controller.DeleteRight (6 handlers)
[GIN-debug] GET    /roles                    --> admin_panel/pkg/controller.GetAllRoles (6 handlers)
[GIN-debug] POST   /roles                    --> admin_panel/pkg/controller.AddNewRole (6 handlers)
[GIN-debug] PUT    /roles/:id                --> admin_panel/pkg/controller.EditRole (6 handlers)
[GIN-debug] DELETE /roles/:id                --> admin_panel/pkg/controller.DeleteRole (6 handlers)
[GIN-debug] POST   /attach_right/:role_id/:right_id --> admin_panel/pkg/controller.AttachRightToRole (6 handlers)
[GIN-debug] DELETE /detach_right/:role_id/:right_id --> admin_panel/pkg/controller.DetachRightFromRole (6 handlers)
[GIN-debug] Listening and serving HTTP on :1111
[GIN] 127.0.0.1 - [Wed, 17 Nov 2021 02:31:32 +05] "DELETE /users/3 HTTP/1.1 200 3.4003ms "insomnia/2021.6.0" 
[GIN-debug] redirecting request 301: /users --> /users/
[GIN] 127.0.0.1 - [Wed, 17 Nov 2021 02:31:37 +05] "GET /users/ HTTP/1.1 200 4.984ms "insomnia/2021.6.0" 
[GIN-debug] GET    /ping                     --> admin_panel/routes.PingPong (6 handlers)
[GIN-debug] GET    /users/                   --> admin_panel/pkg/controller.GetAllUsers (6 handlers)
[GIN-debug] POST   /users/                   --> admin_panel/pkg/controller.CreateNewUser (6 handlers)
[GIN-debug] PUT    /users/:id                --> admin_panel/pkg/controller.EditUser (6 handlers)
[GIN-debug] DELETE /users/:id                --> admin_panel/pkg/controller.DeleteUser (6 handlers)
[GIN-debug] GET    /rights                   --> admin_panel/pkg/controller.GetAllRights (6 handlers)
[GIN-debug] POST   /rights                   --> admin_panel/pkg/controller.AddNewRight (6 handlers)
[GIN-debug] PUT    /rights/:id               --> admin_panel/pkg/controller.EditRight (6 handlers)
[GIN-debug] DELETE /rights/:id               --> admin_panel/pkg/controller.DeleteRight (6 handlers)
[GIN-debug] GET    /roles                    --> admin_panel/pkg/controller.GetAllRoles (6 handlers)
[GIN-debug] POST   /roles                    --> admin_panel/pkg/controller.AddNewRole (6 handlers)
[GIN-debug] PUT    /roles/:id                --> admin_panel/pkg/controller.EditRole (6 handlers)
[GIN-debug] DELETE /roles/:id                --> admin_panel/pkg/controller.DeleteRole (6 handlers)
[GIN-debug] POST   /attach_right/:role_id/:right_id --> admin_panel/pkg/controller.AttachRightToRole (6 handlers)
[GIN-debug] DELETE /detach_right/:role_id/:right_id --> admin_panel/pkg/controller.DetachRightFromRole (6 handlers)
[GIN-debug] Listening and serving HTTP on :1111
[GIN] 127.0.0.1 - [Wed, 17 Nov 2021 02:33:04 +05] "GET /roles HTTP/1.1 200 10.1181ms "insomnia/2021.6.0" 
[GIN-debug] redirecting request 301: /users --> /users/
[GIN] 127.0.0.1 - [Wed, 17 Nov 2021 02:33:17 +05] "GET /users/ HTTP/1.1 200 4.9316ms "insomnia/2021.6.0" 
[GIN-debug] redirecting request 307: /users --> /users/
[GIN] 127.0.0.1 - [Wed, 17 Nov 2021 02:33:22 +05] "POST /users/ HTTP/1.1 200 10.0566ms "insomnia/2021.6.0" 
[GIN-debug] redirecting request 301: /users --> /users/
[GIN] 127.0.0.1 - [Wed, 17 Nov 2021 02:33:25 +05] "GET /users/ HTTP/1.1 200 4.4314ms "insomnia/2021.6.0" 
[GIN] 127.0.0.1 - [Wed, 17 Nov 2021 02:34:01 +05] "PUT /users/4 HTTP/1.1 200 2.406ms "insomnia/2021.6.0" 
[GIN-debug] redirecting request 301: /users --> /users/
[GIN] 127.0.0.1 - [Wed, 17 Nov 2021 02:34:04 +05] "GET /users/ HTTP/1.1 200 3.0385ms "insomnia/2021.6.0" 
[GIN] 127.0.0.1 - [Wed, 17 Nov 2021 02:34:55 +05] "PUT /users/1 HTTP/1.1 200 5.3064ms "insomnia/2021.6.0" 
[GIN-debug] redirecting request 301: /users --> /users/
[GIN] 127.0.0.1 - [Wed, 17 Nov 2021 02:34:58 +05] "GET /users/ HTTP/1.1 200 4.3573ms "insomnia/2021.6.0" 
[GIN-debug] GET    /ping                     --> admin_panel/routes.PingPong (6 handlers)
[GIN-debug] GET    /users/                   --> admin_panel/pkg/controller.GetAllUsers (6 handlers)
[GIN-debug] POST   /users/                   --> admin_panel/pkg/controller.CreateNewUser (6 handlers)
[GIN-debug] PUT    /users/:id                --> admin_panel/pkg/controller.EditUser (6 handlers)
[GIN-debug] DELETE /users/:id                --> admin_panel/pkg/controller.DeleteUser (6 handlers)
[GIN-debug] GET    /rights                   --> admin_panel/pkg/controller.GetAllRights (6 handlers)
[GIN-debug] POST   /rights                   --> admin_panel/pkg/controller.AddNewRight (6 handlers)
[GIN-debug] PUT    /rights/:id               --> admin_panel/pkg/controller.EditRight (6 handlers)
[GIN-debug] DELETE /rights/:id               --> admin_panel/pkg/controller.DeleteRight (6 handlers)
[GIN-debug] GET    /roles                    --> admin_panel/pkg/controller.GetAllRoles (6 handlers)
[GIN-debug] POST   /roles                    --> admin_panel/pkg/controller.AddNewRole (6 handlers)
[GIN-debug] PUT    /roles/:id                --> admin_panel/pkg/controller.EditRole (6 handlers)
[GIN-debug] DELETE /roles/:id                --> admin_panel/pkg/controller.DeleteRole (6 handlers)
[GIN-debug] POST   /attach_right/:role_id/:right_id --> admin_panel/pkg/controller.AttachRightToRole (6 handlers)
[GIN-debug] DELETE /detach_right/:role_id/:right_id --> admin_panel/pkg/controller.DetachRightFromRole (6 handlers)
[GIN-debug] POST   /attach_role/:user_id/:role_id --> admin_panel/pkg/controller.AttachRoleToUser (6 handlers)
[GIN-debug] DELETE /detach_role/:user_id/:role_id --> admin_panel/pkg/controller.DetachRightFromRole (6 handlers)
[GIN-debug] Listening and serving HTTP on :1111
[GIN] 127.0.0.1 - [Wed, 17 Nov 2021 02:46:46 +05] "GET /roles HTTP/1.1 200 5.2362ms "insomnia/2021.6.0" 
[GIN-debug] redirecting request 301: /users --> /users/
[GIN] 127.0.0.1 - [Wed, 17 Nov 2021 02:48:36 +05] "GET /users/ HTTP/1.1 200 4.0833ms "insomnia/2021.6.0" 
[GIN] 127.0.0.1 - [Wed, 17 Nov 2021 02:48:54 +05] "POST /attach_role/1/3 HTTP/1.1 200 4.7629ms "insomnia/2021.6.0" 
[GIN-debug] redirecting request 301: /users --> /users/
[GIN] 127.0.0.1 - [Wed, 17 Nov 2021 02:48:59 +05] "GET /users/ HTTP/1.1 200 2.1204ms "insomnia/2021.6.0" 
[GIN-debug] GET    /ping                     --> admin_panel/routes.PingPong (6 handlers)
[GIN-debug] GET    /users/                   --> admin_panel/pkg/controller.GetAllUsers (6 handlers)
[GIN-debug] POST   /users/                   --> admin_panel/pkg/controller.CreateNewUser (6 handlers)
[GIN-debug] PUT    /users/:id                --> admin_panel/pkg/controller.EditUser (6 handlers)
[GIN-debug] DELETE /users/:id                --> admin_panel/pkg/controller.DeleteUser (6 handlers)
[GIN-debug] GET    /rights                   --> admin_panel/pkg/controller.GetAllRights (6 handlers)
[GIN-debug] POST   /rights                   --> admin_panel/pkg/controller.AddNewRight (6 handlers)
[GIN-debug] PUT    /rights/:id               --> admin_panel/pkg/controller.EditRight (6 handlers)
[GIN-debug] DELETE /rights/:id               --> admin_panel/pkg/controller.DeleteRight (6 handlers)
[GIN-debug] GET    /roles                    --> admin_panel/pkg/controller.GetAllRoles (6 handlers)
[GIN-debug] POST   /roles                    --> admin_panel/pkg/controller.AddNewRole (6 handlers)
[GIN-debug] PUT    /roles/:id                --> admin_panel/pkg/controller.EditRole (6 handlers)
[GIN-debug] DELETE /roles/:id                --> admin_panel/pkg/controller.DeleteRole (6 handlers)
[GIN-debug] POST   /attach_right/:role_id/:right_id --> admin_panel/pkg/controller.AttachRightToRole (6 handlers)
[GIN-debug] DELETE /detach_right/:role_id/:right_id --> admin_panel/pkg/controller.DetachRightFromRole (6 handlers)
[GIN-debug] POST   /attach_role/:user_id/:role_id --> admin_panel/pkg/controller.AttachRoleToUser (6 handlers)
[GIN-debug] DELETE /detach_role/:user_id/:role_id --> admin_panel/pkg/controller.DetachRoleFromUser (6 handlers)
[GIN-debug] Listening and serving HTTP on :1111
[GIN] 127.0.0.1 - [Wed, 17 Nov 2021 02:55:51 +05] "DELETE /attach_role/1/3 HTTP/1.1 404 0s "insomnia/2021.6.0" 
[GIN] 127.0.0.1 - [Wed, 17 Nov 2021 02:56:05 +05] "DELETE /detach_role/1/3 HTTP/1.1 200 3.8381ms "insomnia/2021.6.0" 
[GIN-debug] redirecting request 301: /users --> /users/
[GIN] 127.0.0.1 - [Wed, 17 Nov 2021 02:56:14 +05] "GET /users/ HTTP/1.1 200 7.0051ms "insomnia/2021.6.0" 
[GIN-debug] GET    /ping                     --> admin_panel/routes.PingPong (6 handlers)
[GIN-debug] GET    /users/                   --> admin_panel/pkg/controller.GetAllUsers (6 handlers)
[GIN-debug] POST   /users/                   --> admin_panel/pkg/controller.CreateNewUser (6 handlers)
[GIN-debug] PUT    /users/:id                --> admin_panel/pkg/controller.EditUser (6 handlers)
[GIN-debug] DELETE /users/:id                --> admin_panel/pkg/controller.DeleteUser (6 handlers)
[GIN-debug] GET    /rights                   --> admin_panel/pkg/controller.GetAllRights (6 handlers)
[GIN-debug] POST   /rights                   --> admin_panel/pkg/controller.AddNewRight (6 handlers)
[GIN-debug] PUT    /rights/:id               --> admin_panel/pkg/controller.EditRight (6 handlers)
[GIN-debug] DELETE /rights/:id               --> admin_panel/pkg/controller.DeleteRight (6 handlers)
[GIN-debug] GET    /roles                    --> admin_panel/pkg/controller.GetAllRoles (6 handlers)
[GIN-debug] POST   /roles                    --> admin_panel/pkg/controller.AddNewRole (6 handlers)
[GIN-debug] PUT    /roles/:id                --> admin_panel/pkg/controller.EditRole (6 handlers)
[GIN-debug] DELETE /roles/:id                --> admin_panel/pkg/controller.DeleteRole (6 handlers)
[GIN-debug] POST   /attach_right/:role_id/:right_id --> admin_panel/pkg/controller.AttachRightToRole (6 handlers)
[GIN-debug] DELETE /detach_right/:role_id/:right_id --> admin_panel/pkg/controller.DetachRightFromRole (6 handlers)
[GIN-debug] POST   /attach_role/:user_id/:role_id --> admin_panel/pkg/controller.AttachRoleToUser (6 handlers)
[GIN-debug] DELETE /detach_role/:user_id/:role_id --> admin_panel/pkg/controller.DetachRoleFromUser (6 handlers)
[GIN-debug] Listening and serving HTTP on :1111
[GIN-debug] GET    /ping                     --> admin_panel/routes.PingPong (6 handlers)
[GIN-debug] GET    /users/                   --> admin_panel/pkg/controller.GetAllUsers (6 handlers)
[GIN-debug] POST   /users/                   --> admin_panel/pkg/controller.CreateNewUser (6 handlers)
[GIN-debug] PUT    /users/:id                --> admin_panel/pkg/controller.EditUser (6 handlers)
[GIN-debug] DELETE /users/:id                --> admin_panel/pkg/controller.DeleteUser (6 handlers)
[GIN-debug] GET    /rights                   --> admin_panel/pkg/controller.GetAllRights (6 handlers)
[GIN-debug] POST   /rights                   --> admin_panel/pkg/controller.AddNewRight (6 handlers)
[GIN-debug] PUT    /rights/:id               --> admin_panel/pkg/controller.EditRight (6 handlers)
[GIN-debug] DELETE /rights/:id               --> admin_panel/pkg/controller.DeleteRight (6 handlers)
[GIN-debug] GET    /roles                    --> admin_panel/pkg/controller.GetAllRoles (6 handlers)
[GIN-debug] POST   /roles                    --> admin_panel/pkg/controller.AddNewRole (6 handlers)
[GIN-debug] PUT    /roles/:id                --> admin_panel/pkg/controller.EditRole (6 handlers)
[GIN-debug] DELETE /roles/:id                --> admin_panel/pkg/controller.DeleteRole (6 handlers)
[GIN-debug] POST   /attach_right/:role_id/:right_id --> admin_panel/pkg/controller.AttachRightToRole (6 handlers)
[GIN-debug] DELETE /detach_right/:role_id/:right_id --> admin_panel/pkg/controller.DetachRightFromRole (6 handlers)
[GIN-debug] POST   /attach_role/:user_id/:role_id --> admin_panel/pkg/controller.AttachRoleToUser (6 handlers)
[GIN-debug] DELETE /detach_role/:user_id/:role_id --> admin_panel/pkg/controller.DetachRoleFromUser (6 handlers)
[GIN-debug] Listening and serving HTTP on 0.0.0.0:
